<?xml version="1.0" encoding="UTF-8"?>
<testsuite name="hstest.MinesweeperTest" tests="1" skipped="0" failures="0" errors="0" timestamp="2023-11-10T20:28:08" hostname="roblebob-Predator-PT515-51" time="3.56">
  <properties/>
  <testcase name="start" classname="hstest.MinesweeperTest" time="3.56"/>
  <system-out><![CDATA[?[1;31m
Start test 1?[0m
How many mines do you want on the field? > 1

 │123456789|
—│—————————|
1│.........|
2│.........|
3│.........|
4│.........|
5│.........|
6│.........|
7│.........|
8│.........|
9│.........|
—│—————————|
Set/unset mine marks or claim a cell as free: > 9 8 free

 │123456789|
—│—————————|
1│/////////|
2│/////////|
3│/////////|
4│/////////|
5│/////////|
6│/////////|
7│//111////|
8│//1.1////|
9│//1.1////|
—│—————————|
Set/unset mine marks or claim a cell as free: > 4 9 mine

 │123456789|
—│—————————|
1│/////////|
2│/////////|
3│/////////|
4│/////////|
5│/////////|
6│/////////|
7│//111////|
8│//1.1////|
9│//1*1////|
—│—————————|
Set/unset mine marks or claim a cell as free: > 4 8 mine

 │123456789|
—│—————————|
1│/////////|
2│/////////|
3│/////////|
4│/////////|
5│/////////|
6│/////////|
7│//111////|
8│//1*1////|
9│//1*1////|
—│—————————|
Set/unset mine marks or claim a cell as free: > 4 9 mine
Congratulations! You found all the mines!

 │123456789|
—│—————————|
1│/////////|
2│/////////|
3│/////////|
4│/////////|
5│/////////|
6│/////////|
7│//111////|
8│//1*1////|
9│//1.1////|
—│—————————|
?[1;31m
Start test 2?[0m
How many mines do you want on the field? > 1

 │123456789|
—│—————————|
1│.........|
2│.........|
3│.........|
4│.........|
5│.........|
6│.........|
7│.........|
8│.........|
9│.........|
—│—————————|
Set/unset mine marks or claim a cell as free: > 1 9 free
Congratulations! You found all the mines!

 │123456789|
—│—————————|
1│/////////|
2│/////111/|
3│/////1.1/|
4│/////111/|
5│/////////|
6│/////////|
7│/////////|
8│/////////|
9│/////////|
—│—————————|
?[1;31m
Start test 3?[0m
How many mines do you want on the field? > 1

 │123456789|
—│—————————|
1│.........|
2│.........|
3│.........|
4│.........|
5│.........|
6│.........|
7│.........|
8│.........|
9│.........|
—│—————————|
Set/unset mine marks or claim a cell as free: > 8 4 mine

 │123456789|
—│—————————|
1│.........|
2│.........|
3│.........|
4│.......*.|
5│.........|
6│.........|
7│.........|
8│.........|
9│.........|
—│—————————|
Set/unset mine marks or claim a cell as free: > 1 9 free
Congratulations! You found all the mines!

 │123456789|
—│—————————|
1│/////////|
2│/////////|
3│/////////|
4│///////11|
5│///////1.|
6│///////11|
7│/////////|
8│/////////|
9│/////////|
—│—————————|
?[1;31m
Start test 4?[0m
How many mines do you want on the field? > 1

 │123456789|
—│—————————|
1│.........|
2│.........|
3│.........|
4│.........|
5│.........|
6│.........|
7│.........|
8│.........|
9│.........|
—│—————————|
Set/unset mine marks or claim a cell as free: > 2 4 free
Congratulations! You found all the mines!

 │123456789|
—│—————————|
1│/////////|
2│/////////|
3│/////////|
4│/////////|
5│/////////|
6│/111/////|
7│/1.1/////|
8│/111/////|
9│/////////|
—│—————————|
?[1;31m
Start test 5?[0m
How many mines do you want on the field? > 1

 │123456789|
—│—————————|
1│.........|
2│.........|
3│.........|
4│.........|
5│.........|
6│.........|
7│.........|
8│.........|
9│.........|
—│—————————|
Set/unset mine marks or claim a cell as free: > 5 8 free

 │123456789|
—│—————————|
1│/////////|
2│/////////|
3│111//////|
4│..1//////|
5│111//////|
6│/////////|
7│/////////|
8│/////////|
9│/////////|
—│—————————|
Set/unset mine marks or claim a cell as free: > 1 4 free
Congratulations! You found all the mines!

 │123456789|
—│—————————|
1│/////////|
2│/////////|
3│111//////|
4│1.1//////|
5│111//////|
6│/////////|
7│/////////|
8│/////////|
9│/////////|
—│—————————|
?[1;31m
Start test 6?[0m
How many mines do you want on the field? > 1

 │123456789|
—│—————————|
1│.........|
2│.........|
3│.........|
4│.........|
5│.........|
6│.........|
7│.........|
8│.........|
9│.........|
—│—————————|
Set/unset mine marks or claim a cell as free: > 4 5 free

 │123456789|
—│—————————|
1│/////////|
2│/////////|
3│/////////|
4│/////////|
5│/////////|
6│/////////|
7│//////111|
8│//////1..|
9│//////1..|
—│—————————|
Set/unset mine marks or claim a cell as free: > 8 9 free

 │123456789|
—│—————————|
1│/////////|
2│/////////|
3│/////////|
4│/////////|
5│/////////|
6│/////////|
7│//////111|
8│//////1..|
9│//////11.|
—│—————————|
Set/unset mine marks or claim a cell as free: > 9 9 free

 │123456789|
—│—————————|
1│/////////|
2│/////////|
3│/////////|
4│/////////|
5│/////////|
6│/////////|
7│//////111|
8│//////1..|
9│//////111|
—│—————————|
Set/unset mine marks or claim a cell as free: > 9 8 mine

 │123456789|
—│—————————|
1│/////////|
2│/////////|
3│/////////|
4│/////////|
5│/////////|
6│/////////|
7│//////111|
8│//////1.*|
9│//////111|
—│—————————|
Set/unset mine marks or claim a cell as free: > 9 8 mine

 │123456789|
—│—————————|
1│/////////|
2│/////////|
3│/////////|
4│/////////|
5│/////////|
6│/////////|
7│//////111|
8│//////1..|
9│//////111|
—│—————————|
Set/unset mine marks or claim a cell as free: > 9 8 free
Congratulations! You found all the mines!

 │123456789|
—│—————————|
1│/////////|
2│/////////|
3│/////////|
4│/////////|
5│/////////|
6│/////////|
7│//////111|
8│//////1.1|
9│//////111|
—│—————————|
?[1;31m
Start test 7?[0m
How many mines do you want on the field? > 1

 │123456789|
—│—————————|
1│.........|
2│.........|
3│.........|
4│.........|
5│.........|
6│.........|
7│.........|
8│.........|
9│.........|
—│—————————|
Set/unset mine marks or claim a cell as free: > 2 8 mine

 │123456789|
—│—————————|
1│.........|
2│.........|
3│.........|
4│.........|
5│.........|
6│.........|
7│.........|
8│.*.......|
9│.........|
—│—————————|
Set/unset mine marks or claim a cell as free: > 8 5 free
Congratulations! You found all the mines!

 │123456789|
—│—————————|
1│/////////|
2│/////////|
3│/////////|
4│///111///|
5│///1.1///|
6│///111///|
7│/////////|
8│/////////|
9│/////////|
—│—————————|
?[1;31m
Start test 8?[0m
How many mines do you want on the field? > 1

 │123456789|
—│—————————|
1│.........|
2│.........|
3│.........|
4│.........|
5│.........|
6│.........|
7│.........|
8│.........|
9│.........|
—│—————————|
Set/unset mine marks or claim a cell as free: > 8 6 free
Congratulations! You found all the mines!

 │123456789|
—│—————————|
1│/////////|
2│/////////|
3│/////////|
4│///111///|
5│///1.1///|
6│///111///|
7│/////////|
8│/////////|
9│/////////|
—│—————————|
?[1;31m
Start test 9?[0m
How many mines do you want on the field? > 1

 │123456789|
—│—————————|
1│.........|
2│.........|
3│.........|
4│.........|
5│.........|
6│.........|
7│.........|
8│.........|
9│.........|
—│—————————|
Set/unset mine marks or claim a cell as free: > 3 9 mine

 │123456789|
—│—————————|
1│.........|
2│.........|
3│.........|
4│.........|
5│.........|
6│.........|
7│.........|
8│.........|
9│..*......|
—│—————————|
Set/unset mine marks or claim a cell as free: > 3 9 mine

 │123456789|
—│—————————|
1│.........|
2│.........|
3│.........|
4│.........|
5│.........|
6│.........|
7│.........|
8│.........|
9│.........|
—│—————————|
Set/unset mine marks or claim a cell as free: > 4 1 free
Congratulations! You found all the mines!

 │123456789|
—│—————————|
1│/////////|
2│/////////|
3│/////111/|
4│/////1.1/|
5│/////111/|
6│/////////|
7│/////////|
8│/////////|
9│/////////|
—│—————————|
?[1;31m
Start test 10?[0m
How many mines do you want on the field? > 1

 │123456789|
—│—————————|
1│.........|
2│.........|
3│.........|
4│.........|
5│.........|
6│.........|
7│.........|
8│.........|
9│.........|
—│—————————|
Set/unset mine marks or claim a cell as free: > 5 7 free

 │123456789|
—│—————————|
1│/////////|
2│111//////|
3│..1//////|
4│111//////|
5│/////////|
6│/////////|
7│/////////|
8│/////////|
9│/////////|
—│—————————|
Set/unset mine marks or claim a cell as free: > 1 3 mine

 │123456789|
—│—————————|
1│/////////|
2│111//////|
3│*.1//////|
4│111//////|
5│/////////|
6│/////////|
7│/////////|
8│/////////|
9│/////////|
—│—————————|
Set/unset mine marks or claim a cell as free: > 1 3 mine

 │123456789|
—│—————————|
1│/////////|
2│111//////|
3│..1//////|
4│111//////|
5│/////////|
6│/////////|
7│/////////|
8│/////////|
9│/////////|
—│—————————|
Set/unset mine marks or claim a cell as free: > 1 3 free
Congratulations! You found all the mines!

 │123456789|
—│—————————|
1│/////////|
2│111//////|
3│1.1//////|
4│111//////|
5│/////////|
6│/////////|
7│/////////|
8│/////////|
9│/////////|
—│—————————|
?[1;31m
Start test 11?[0m
How many mines do you want on the field? > 1

 │123456789|
—│—————————|
1│.........|
2│.........|
3│.........|
4│.........|
5│.........|
6│.........|
7│.........|
8│.........|
9│.........|
—│—————————|
Set/unset mine marks or claim a cell as free: > 2 5 mine

 │123456789|
—│—————————|
1│.........|
2│.........|
3│.........|
4│.........|
5│.*.......|
6│.........|
7│.........|
8│.........|
9│.........|
—│—————————|
Set/unset mine marks or claim a cell as free: > 8 4 mine

 │123456789|
—│—————————|
1│.........|
2│.........|
3│.........|
4│.......*.|
5│.*.......|
6│.........|
7│.........|
8│.........|
9│.........|
—│—————————|
Set/unset mine marks or claim a cell as free: > 2 5 mine

 │123456789|
—│—————————|
1│.........|
2│.........|
3│.........|
4│.......*.|
5│.........|
6│.........|
7│.........|
8│.........|
9│.........|
—│—————————|
Set/unset mine marks or claim a cell as free: > 6 2 free

 │123456789|
—│—————————|
1│/////////|
2│/////////|
3│/////////|
4│/////////|
5│/////////|
6│/////////|
7│///111///|
8│///1.1///|
9│///1.1///|
—│—————————|
Set/unset mine marks or claim a cell as free: > 5 9 mine

 │123456789|
—│—————————|
1│/////////|
2│/////////|
3│/////////|
4│/////////|
5│/////////|
6│/////////|
7│///111///|
8│///1.1///|
9│///1*1///|
—│—————————|
Set/unset mine marks or claim a cell as free: > 5 8 free
You stepped on a mine and failed!

 │123456789|
—│—————————|
1│/////////|
2│/////////|
3│/////////|
4│/////////|
5│/////////|
6│/////////|
7│///111///|
8│///111///|
9│///1*1///|
—│—————————|
?[1;31m
Start test 12?[0m
How many mines do you want on the field? > 1

 │123456789|
—│—————————|
1│.........|
2│.........|
3│.........|
4│.........|
5│.........|
6│.........|
7│.........|
8│.........|
9│.........|
—│—————————|
Set/unset mine marks or claim a cell as free: > 3 4 free

 │123456789|
—│—————————|
1│/////////|
2│/////////|
3│/////////|
4│/////////|
5│/////////|
6│/////////|
7│/////////|
8│111//////|
9│..1//////|
—│—————————|
Set/unset mine marks or claim a cell as free: > 1 9 mine

 │123456789|
—│—————————|
1│/////////|
2│/////////|
3│/////////|
4│/////////|
5│/////////|
6│/////////|
7│/////////|
8│111//////|
9│*.1//////|
—│—————————|
Set/unset mine marks or claim a cell as free: > 1 9 mine

 │123456789|
—│—————————|
1│/////////|
2│/////////|
3│/////////|
4│/////////|
5│/////////|
6│/////////|
7│/////////|
8│111//////|
9│..1//////|
—│—————————|
Set/unset mine marks or claim a cell as free: > 1 9 mine

 │123456789|
—│—————————|
1│/////////|
2│/////////|
3│/////////|
4│/////////|
5│/////////|
6│/////////|
7│/////////|
8│111//////|
9│*.1//////|
—│—————————|
Set/unset mine marks or claim a cell as free: > 2 9 free
You stepped on a mine and failed!

 │123456789|
—│—————————|
1│/////////|
2│/////////|
3│/////////|
4│/////////|
5│/////////|
6│/////////|
7│/////////|
8│111//////|
9│*11//////|
—│—————————|
?[1;31m
Start test 13?[0m
How many mines do you want on the field? > 1

 │123456789|
—│—————————|
1│.........|
2│.........|
3│.........|
4│.........|
5│.........|
6│.........|
7│.........|
8│.........|
9│.........|
—│—————————|
Set/unset mine marks or claim a cell as free: > 4 2 free
Congratulations! You found all the mines!

 │123456789|
—│—————————|
1│/////////|
2│/////////|
3│/////////|
4│/////////|
5│/////////|
6│/////////|
7│/////////|
8│/////111/|
9│/////1.1/|
—│—————————|
?[1;31m
Start test 14?[0m
How many mines do you want on the field? > 1

 │123456789|
—│—————————|
1│.........|
2│.........|
3│.........|
4│.........|
5│.........|
6│.........|
7│.........|
8│.........|
9│.........|
—│—————————|
Set/unset mine marks or claim a cell as free: > 3 9 free
Congratulations! You found all the mines!

 │123456789|
—│—————————|
1│/////////|
2│/////////|
3│/////////|
4│/////////|
5│/////////|
6│///////11|
7│///////1.|
8│///////11|
9│/////////|
—│—————————|
?[1;31m
Start test 15?[0m
How many mines do you want on the field? > 1

 │123456789|
—│—————————|
1│.........|
2│.........|
3│.........|
4│.........|
5│.........|
6│.........|
7│.........|
8│.........|
9│.........|
—│—————————|
Set/unset mine marks or claim a cell as free: > 3 4 free
Congratulations! You found all the mines!

 │123456789|
—│—————————|
1│/////////|
2│/////////|
3│////111//|
4│////1.1//|
5│////111//|
6│/////////|
7│/////////|
8│/////////|
9│/////////|
—│—————————|
?[1;31m
Start test 16?[0m
How many mines do you want on the field? > 1

 │123456789|
—│—————————|
1│.........|
2│.........|
3│.........|
4│.........|
5│.........|
6│.........|
7│.........|
8│.........|
9│.........|
—│—————————|
Set/unset mine marks or claim a cell as free: > 6 3 free

 │123456789|
—│—————————|
1│/////////|
2│/////////|
3│/////////|
4│/////////|
5│111//////|
6│..1//////|
7│111//////|
8│/////////|
9│/////////|
—│—————————|
Set/unset mine marks or claim a cell as free: > 2 6 free
You stepped on a mine and failed!

 │123456789|
—│—————————|
1│/////////|
2│/////////|
3│/////////|
4│/////////|
5│111//////|
6│.11//////|
7│111//////|
8│/////////|
9│/////////|
—│—————————|
?[1;31m
Start test 17?[0m
How many mines do you want on the field? > 1

 │123456789|
—│—————————|
1│.........|
2│.........|
3│.........|
4│.........|
5│.........|
6│.........|
7│.........|
8│.........|
9│.........|
—│—————————|
Set/unset mine marks or claim a cell as free: > 6 3 mine

 │123456789|
—│—————————|
1│.........|
2│.........|
3│.....*...|
4│.........|
5│.........|
6│.........|
7│.........|
8│.........|
9│.........|
—│—————————|
Set/unset mine marks or claim a cell as free: > 7 2 free

 │123456789|
—│—————————|
1│/////////|
2│/////////|
3│/////////|
4│/////////|
5│/////////|
6│/////////|
7│/111/////|
8│/1.1/////|
9│/1.1/////|
—│—————————|
Set/unset mine marks or claim a cell as free: > 3 8 mine

 │123456789|
—│—————————|
1│/////////|
2│/////////|
3│/////////|
4│/////////|
5│/////////|
6│/////////|
7│/111/////|
8│/1*1/////|
9│/1.1/////|
—│—————————|
Set/unset mine marks or claim a cell as free: > 3 8 mine

 │123456789|
—│—————————|
1│/////////|
2│/////////|
3│/////////|
4│/////////|
5│/////////|
6│/////////|
7│/111/////|
8│/1.1/////|
9│/1.1/////|
—│—————————|
Set/unset mine marks or claim a cell as free: > 3 8 mine

 │123456789|
—│—————————|
1│/////////|
2│/////////|
3│/////////|
4│/////////|
5│/////////|
6│/////////|
7│/111/////|
8│/1*1/////|
9│/1.1/////|
—│—————————|
Set/unset mine marks or claim a cell as free: > 3 8 mine

 │123456789|
—│—————————|
1│/////////|
2│/////////|
3│/////////|
4│/////////|
5│/////////|
6│/////////|
7│/111/////|
8│/1.1/////|
9│/1.1/////|
—│—————————|
Set/unset mine marks or claim a cell as free: > 3 9 mine

 │123456789|
—│—————————|
1│/////////|
2│/////////|
3│/////////|
4│/////////|
5│/////////|
6│/////////|
7│/111/////|
8│/1.1/////|
9│/1*1/////|
—│—————————|
Set/unset mine marks or claim a cell as free: > 3 9 mine

 │123456789|
—│—————————|
1│/////////|
2│/////////|
3│/////////|
4│/////////|
5│/////////|
6│/////////|
7│/111/////|
8│/1.1/////|
9│/1.1/////|
—│—————————|
Set/unset mine marks or claim a cell as free: > 3 9 mine

 │123456789|
—│—————————|
1│/////////|
2│/////////|
3│/////////|
4│/////////|
5│/////////|
6│/////////|
7│/111/////|
8│/1.1/////|
9│/1*1/////|
—│—————————|
Set/unset mine marks or claim a cell as free: > 3 8 free
You stepped on a mine and failed!

 │123456789|
—│—————————|
1│/////////|
2│/////////|
3│/////////|
4│/////////|
5│/////////|
6│/////////|
7│/111/////|
8│/111/////|
9│/1*1/////|
—│—————————|
?[1;31m
Start test 18?[0m
How many mines do you want on the field? > 1

 │123456789|
—│—————————|
1│.........|
2│.........|
3│.........|
4│.........|
5│.........|
6│.........|
7│.........|
8│.........|
9│.........|
—│—————————|
Set/unset mine marks or claim a cell as free: > 6 1 mine

 │123456789|
—│—————————|
1│.....*...|
2│.........|
3│.........|
4│.........|
5│.........|
6│.........|
7│.........|
8│.........|
9│.........|
—│—————————|
Set/unset mine marks or claim a cell as free: > 2 3 free
Congratulations! You found all the mines!

 │123456789|
—│—————————|
1│/////////|
2│/////////|
3│/////////|
4│/////////|
5│/////////|
6│///////11|
7│///////1.|
8│///////11|
9│/////////|
—│—————————|
?[1;31m
Start test 19?[0m
How many mines do you want on the field? > 1

 │123456789|
—│—————————|
1│.........|
2│.........|
3│.........|
4│.........|
5│.........|
6│.........|
7│.........|
8│.........|
9│.........|
—│—————————|
Set/unset mine marks or claim a cell as free: > 6 6 free

 │123456789|
—│—————————|
1│//////1..|
2│//////1..|
3│//////111|
4│/////////|
5│/////////|
6│/////////|
7│/////////|
8│/////////|
9│/////////|
—│—————————|
Set/unset mine marks or claim a cell as free: > 9 2 free

 │123456789|
—│—————————|
1│//////1..|
2│//////1.1|
3│//////111|
4│/////////|
5│/////////|
6│/////////|
7│/////////|
8│/////////|
9│/////////|
—│—————————|
Set/unset mine marks or claim a cell as free: > 8 1 free

 │123456789|
—│—————————|
1│//////11.|
2│//////1.1|
3│//////111|
4│/////////|
5│/////////|
6│/////////|
7│/////////|
8│/////////|
9│/////////|
—│—————————|
Set/unset mine marks or claim a cell as free: > 8 2 mine
Congratulations! You found all the mines!

 │123456789|
—│—————————|
1│//////11.|
2│//////1*1|
3│//////111|
4│/////////|
5│/////////|
6│/////////|
7│/////////|
8│/////////|
9│/////////|
—│—————————|
?[1;31m
Start test 20?[0m
How many mines do you want on the field? > 1

 │123456789|
—│—————————|
1│.........|
2│.........|
3│.........|
4│.........|
5│.........|
6│.........|
7│.........|
8│.........|
9│.........|
—│—————————|
Set/unset mine marks or claim a cell as free: > 3 1 mine

 │123456789|
—│—————————|
1│..*......|
2│.........|
3│.........|
4│.........|
5│.........|
6│.........|
7│.........|
8│.........|
9│.........|
—│—————————|
Set/unset mine marks or claim a cell as free: > 9 5 free
Congratulations! You found all the mines!

 │123456789|
—│—————————|
1│/////////|
2│///111///|
3│///1.1///|
4│///111///|
5│/////////|
6│/////////|
7│/////////|
8│/////////|
9│/////////|
—│—————————|
?[1;31m
Start test 21?[0m
How many mines do you want on the field? > 2

 │123456789|
—│—————————|
1│.........|
2│.........|
3│.........|
4│.........|
5│.........|
6│.........|
7│.........|
8│.........|
9│.........|
—│—————————|
Set/unset mine marks or claim a cell as free: > 3 9 mine

 │123456789|
—│—————————|
1│.........|
2│.........|
3│.........|
4│.........|
5│.........|
6│.........|
7│.........|
8│.........|
9│..*......|
—│—————————|
Set/unset mine marks or claim a cell as free: > 5 3 mine

 │123456789|
—│—————————|
1│.........|
2│.........|
3│....*....|
4│.........|
5│.........|
6│.........|
7│.........|
8│.........|
9│..*......|
—│—————————|
Set/unset mine marks or claim a cell as free: > 1 2 free
Congratulations! You found all the mines!

 │123456789|
—│—————————|
1│/////////|
2│///////11|
3│///////1.|
4│///////11|
5│11///////|
6│.1///////|
7│11///////|
8│/////////|
9│/////////|
—│—————————|
?[1;31m
Start test 22?[0m
How many mines do you want on the field? > 2

 │123456789|
—│—————————|
1│.........|
2│.........|
3│.........|
4│.........|
5│.........|
6│.........|
7│.........|
8│.........|
9│.........|
—│—————————|
Set/unset mine marks or claim a cell as free: > 2 2 free

 │123456789|
—│—————————|
1│/////////|
2│/////////|
3│/////////|
4│/////111/|
5│/////1.1/|
6│/////1221|
7│//////1..|
8│//////111|
9│/////////|
—│—————————|
Set/unset mine marks or claim a cell as free: > 7 5 mine

 │123456789|
—│—————————|
1│/////////|
2│/////////|
3│/////////|
4│/////111/|
5│/////1*1/|
6│/////1221|
7│//////1..|
8│//////111|
9│/////////|
—│—————————|
Set/unset mine marks or claim a cell as free: > 8 7 free
You stepped on a mine and failed!

 │123456789|
—│—————————|
1│/////////|
2│/////////|
3│/////////|
4│/////111/|
5│/////1*1/|
6│/////1221|
7│//////11.|
8│//////111|
9│/////////|
—│—————————|
?[1;31m
Start test 23?[0m
How many mines do you want on the field? > 2

 │123456789|
—│—————————|
1│.........|
2│.........|
3│.........|
4│.........|
5│.........|
6│.........|
7│.........|
8│.........|
9│.........|
—│—————————|
Set/unset mine marks or claim a cell as free: > 1 6 free
Congratulations! You found all the mines!

 │123456789|
—│—————————|
1│/////////|
2│/////////|
3│11//111//|
4│.1//1.1//|
5│11//111//|
6│/////////|
7│/////////|
8│/////////|
9│/////////|
—│—————————|
?[1;31m
Start test 24?[0m
How many mines do you want on the field? > 2

 │123456789|
—│—————————|
1│.........|
2│.........|
3│.........|
4│.........|
5│.........|
6│.........|
7│.........|
8│.........|
9│.........|
—│—————————|
Set/unset mine marks or claim a cell as free: > 8 6 free

 │123456789|
—│—————————|
1│.........|
2│.........|
3│.........|
4│.........|
5│.........|
6│.......1.|
7│.........|
8│.........|
9│.........|
—│—————————|
Set/unset mine marks or claim a cell as free: > 7 3 mine

 │123456789|
—│—————————|
1│.........|
2│.........|
3│......*..|
4│.........|
5│.........|
6│.......1.|
7│.........|
8│.........|
9│.........|
—│—————————|
Set/unset mine marks or claim a cell as free: > 7 3 mine

 │123456789|
—│—————————|
1│.........|
2│.........|
3│.........|
4│.........|
5│.........|
6│.......1.|
7│.........|
8│.........|
9│.........|
—│—————————|
Set/unset mine marks or claim a cell as free: > 3 3 mine

 │123456789|
—│—————————|
1│.........|
2│.........|
3│..*......|
4│.........|
5│.........|
6│.......1.|
7│.........|
8│.........|
9│.........|
—│—————————|
Set/unset mine marks or claim a cell as free: > 3 3 mine

 │123456789|
—│—————————|
1│.........|
2│.........|
3│.........|
4│.........|
5│.........|
6│.......1.|
7│.........|
8│.........|
9│.........|
—│—————————|
Set/unset mine marks or claim a cell as free: > 2 6 free

 │123456789|
—│—————————|
1│/////////|
2│/////////|
3│/////////|
4│/////////|
5│///////11|
6│///////1.|
7│/////112.|
8│/////1...|
9│/////1...|
—│—————————|
Set/unset mine marks or claim a cell as free: > 9 8 free

 │123456789|
—│—————————|
1│/////////|
2│/////////|
3│/////////|
4│/////////|
5│///////11|
6│///////1.|
7│/////1121|
8│/////1.1/|
9│/////1.1/|
—│—————————|
Set/unset mine marks or claim a cell as free: > 9 6 mine

 │123456789|
—│—————————|
1│/////////|
2│/////////|
3│/////////|
4│/////////|
5│///////11|
6│///////1*|
7│/////1121|
8│/////1.1/|
9│/////1.1/|
—│—————————|
Set/unset mine marks or claim a cell as free: > 9 6 mine

 │123456789|
—│—————————|
1│/////////|
2│/////////|
3│/////////|
4│/////////|
5│///////11|
6│///////1.|
7│/////1121|
8│/////1.1/|
9│/////1.1/|
—│—————————|
Set/unset mine marks or claim a cell as free: > 7 9 mine

 │123456789|
—│—————————|
1│/////////|
2│/////////|
3│/////////|
4│/////////|
5│///////11|
6│///////1.|
7│/////1121|
8│/////1.1/|
9│/////1*1/|
—│—————————|
Set/unset mine marks or claim a cell as free: > 7 9 mine

 │123456789|
—│—————————|
1│/////////|
2│/////////|
3│/////////|
4│/////////|
5│///////11|
6│///////1.|
7│/////1121|
8│/////1.1/|
9│/////1.1/|
—│—————————|
Set/unset mine marks or claim a cell as free: > 9 6 free
You stepped on a mine and failed!

 │123456789|
—│—————————|
1│/////////|
2│/////////|
3│/////////|
4│/////////|
5│///////11|
6│///////11|
7│/////1121|
8│/////1.1/|
9│/////1.1/|
—│—————————|
?[1;31m
Start test 25?[0m
How many mines do you want on the field? > 2

 │123456789|
—│—————————|
1│.........|
2│.........|
3│.........|
4│.........|
5│.........|
6│.........|
7│.........|
8│.........|
9│.........|
—│—————————|
Set/unset mine marks or claim a cell as free: > 4 3 free

 │123456789|
—│—————————|
1│//////1..|
2│//////1..|
3│//////111|
4│//111////|
5│//1.1////|
6│//111////|
7│/////////|
8│/////////|
9│/////////|
—│—————————|
Set/unset mine marks or claim a cell as free: > 8 1 mine

 │123456789|
—│—————————|
1│//////1*.|
2│//////1..|
3│//////111|
4│//111////|
5│//1.1////|
6│//111////|
7│/////////|
8│/////////|
9│/////////|
—│—————————|
Set/unset mine marks or claim a cell as free: > 8 1 mine

 │123456789|
—│—————————|
1│//////1..|
2│//////1..|
3│//////111|
4│//111////|
5│//1.1////|
6│//111////|
7│/////////|
8│/////////|
9│/////////|
—│—————————|
Set/unset mine marks or claim a cell as free: > 8 1 mine

 │123456789|
—│—————————|
1│//////1*.|
2│//////1..|
3│//////111|
4│//111////|
5│//1.1////|
6│//111////|
7│/////////|
8│/////////|
9│/////////|
—│—————————|
Set/unset mine marks or claim a cell as free: > 8 1 mine

 │123456789|
—│—————————|
1│//////1..|
2│//////1..|
3│//////111|
4│//111////|
5│//1.1////|
6│//111////|
7│/////////|
8│/////////|
9│/////////|
—│—————————|
Set/unset mine marks or claim a cell as free: > 9 2 free

 │123456789|
—│—————————|
1│//////1..|
2│//////1.1|
3│//////111|
4│//111////|
5│//1.1////|
6│//111////|
7│/////////|
8│/////////|
9│/////////|
—│—————————|
Set/unset mine marks or claim a cell as free: > 4 5 free
You stepped on a mine and failed!

 │123456789|
—│—————————|
1│//////1..|
2│//////1.1|
3│//////111|
4│//111////|
5│//111////|
6│//111////|
7│/////////|
8│/////////|
9│/////////|
—│—————————|
?[1;31m
Start test 26?[0m
How many mines do you want on the field? > 2

 │123456789|
—│—————————|
1│.........|
2│.........|
3│.........|
4│.........|
5│.........|
6│.........|
7│.........|
8│.........|
9│.........|
—│—————————|
Set/unset mine marks or claim a cell as free: > 7 4 mine

 │123456789|
—│—————————|
1│.........|
2│.........|
3│.........|
4│......*..|
5│.........|
6│.........|
7│.........|
8│.........|
9│.........|
—│—————————|
Set/unset mine marks or claim a cell as free: > 4 1 mine

 │123456789|
—│—————————|
1│...*.....|
2│.........|
3│.........|
4│......*..|
5│.........|
6│.........|
7│.........|
8│.........|
9│.........|
—│—————————|
Set/unset mine marks or claim a cell as free: > 7 7 mine

 │123456789|
—│—————————|
1│...*.....|
2│.........|
3│.........|
4│......*..|
5│.........|
6│.........|
7│......*..|
8│.........|
9│.........|
—│—————————|
Set/unset mine marks or claim a cell as free: > 7 7 mine

 │123456789|
—│—————————|
1│...*.....|
2│.........|
3│.........|
4│......*..|
5│.........|
6│.........|
7│.........|
8│.........|
9│.........|
—│—————————|
Set/unset mine marks or claim a cell as free: > 6 8 free
Congratulations! You found all the mines!

 │123456789|
—│—————————|
1│/////////|
2│/////////|
3│11///////|
4│.1///////|
5│11///////|
6│/////////|
7│/////////|
8│/111/////|
9│/1.1/////|
—│—————————|
?[1;31m
Start test 27?[0m
How many mines do you want on the field? > 2

 │123456789|
—│—————————|
1│.........|
2│.........|
3│.........|
4│.........|
5│.........|
6│.........|
7│.........|
8│.........|
9│.........|
—│—————————|
Set/unset mine marks or claim a cell as free: > 4 7 free

 │123456789|
—│—————————|
1│/////////|
2│/////////|
3│/////////|
4│/////////|
5│/////////|
6│111//////|
7│..1//////|
8│..211////|
9│....1////|
—│—————————|
Set/unset mine marks or claim a cell as free: > 3 9 free

 │123456789|
—│—————————|
1│/////////|
2│/////////|
3│/////////|
4│/////////|
5│/////////|
6│111//////|
7│..1//////|
8│..211////|
9│..1.1////|
—│—————————|
Set/unset mine marks or claim a cell as free: > 2 9 free

 │123456789|
—│—————————|
1│/////////|
2│/////////|
3│/////////|
4│/////////|
5│/////////|
6│111//////|
7│..1//////|
8│11211////|
9│//1.1////|
—│—————————|
Set/unset mine marks or claim a cell as free: > 4 9 free
You stepped on a mine and failed!

 │123456789|
—│—————————|
1│/////////|
2│/////////|
3│/////////|
4│/////////|
5│/////////|
6│111//////|
7│..1//////|
8│11211////|
9│//111////|
—│—————————|
?[1;31m
Start test 28?[0m
How many mines do you want on the field? > 2

 │123456789|
—│—————————|
1│.........|
2│.........|
3│.........|
4│.........|
5│.........|
6│.........|
7│.........|
8│.........|
9│.........|
—│—————————|
Set/unset mine marks or claim a cell as free: > 4 2 mine

 │123456789|
—│—————————|
1│.........|
2│...*.....|
3│.........|
4│.........|
5│.........|
6│.........|
7│.........|
8│.........|
9│.........|
—│—————————|
Set/unset mine marks or claim a cell as free: > 4 2 mine

 │123456789|
—│—————————|
1│.........|
2│.........|
3│.........|
4│.........|
5│.........|
6│.........|
7│.........|
8│.........|
9│.........|
—│—————————|
Set/unset mine marks or claim a cell as free: > 6 8 free

 │123456789|
—│—————————|
1│///1...1/|
2│///1...1/|
3│///11211/|
4│/////////|
5│/////////|
6│/////////|
7│/////////|
8│/////////|
9│/////////|
—│—————————|
Set/unset mine marks or claim a cell as free: > 5 2 free
You stepped on a mine and failed!

 │123456789|
—│—————————|
1│///1...1/|
2│///11..1/|
3│///11211/|
4│/////////|
5│/////////|
6│/////////|
7│/////////|
8│/////////|
9│/////////|
—│—————————|
?[1;31m
Start test 29?[0m
How many mines do you want on the field? > 2

 │123456789|
—│—————————|
1│.........|
2│.........|
3│.........|
4│.........|
5│.........|
6│.........|
7│.........|
8│.........|
9│.........|
—│—————————|
Set/unset mine marks or claim a cell as free: > 3 5 free

 │123456789|
—│—————————|
1│///////1.|
2│///////1.|
3│///////11|
4│/////////|
5│///////11|
6│///////1.|
7│///////11|
8│/////////|
9│/////////|
—│—————————|
Set/unset mine marks or claim a cell as free: > 9 1 mine

 │123456789|
—│—————————|
1│///////1*|
2│///////1.|
3│///////11|
4│/////////|
5│///////11|
6│///////1.|
7│///////11|
8│/////////|
9│/////////|
—│—————————|
Set/unset mine marks or claim a cell as free: > 9 2 free
You stepped on a mine and failed!

 │123456789|
—│—————————|
1│///////1*|
2│///////11|
3│///////11|
4│/////////|
5│///////11|
6│///////1.|
7│///////11|
8│/////////|
9│/////////|
—│—————————|
?[1;31m
Start test 30?[0m
How many mines do you want on the field? > 2

 │123456789|
—│—————————|
1│.........|
2│.........|
3│.........|
4│.........|
5│.........|
6│.........|
7│.........|
8│.........|
9│.........|
—│—————————|
Set/unset mine marks or claim a cell as free: > 7 6 free
Congratulations! You found all the mines!

 │123456789|
—│—————————|
1│/////////|
2│/////////|
3│/////////|
4│///////11|
5│///////1.|
6│///////11|
7│/////////|
8│/////111/|
9│/////1.1/|
—│—————————|
?[1;31m
Start test 31?[0m
How many mines do you want on the field? > 2

 │123456789|
—│—————————|
1│.........|
2│.........|
3│.........|
4│.........|
5│.........|
6│.........|
7│.........|
8│.........|
9│.........|
—│—————————|
Set/unset mine marks or claim a cell as free: > 2 3 mine

 │123456789|
—│—————————|
1│.........|
2│.........|
3│.*.......|
4│.........|
5│.........|
6│.........|
7│.........|
8│.........|
9│.........|
—│—————————|
Set/unset mine marks or claim a cell as free: > 8 4 free

 │123456789|
—│—————————|
1│/////////|
2│111//////|
3│.*1//////|
4│111//////|
5│///////11|
6│///////1.|
7│///////11|
8│/////////|
9│/////////|
—│—————————|
Set/unset mine marks or claim a cell as free: > 9 6 free
You stepped on a mine and failed!

 │123456789|
—│—————————|
1│/////////|
2│111//////|
3│.*1//////|
4│111//////|
5│///////11|
6│///////11|
7│///////11|
8│/////////|
9│/////////|
—│—————————|
?[1;31m
Start test 32?[0m
How many mines do you want on the field? > 2

 │123456789|
—│—————————|
1│.........|
2│.........|
3│.........|
4│.........|
5│.........|
6│.........|
7│.........|
8│.........|
9│.........|
—│—————————|
Set/unset mine marks or claim a cell as free: > 9 9 free

 │123456789|
—│—————————|
1│/////////|
2│/////////|
3│/////////|
4│/////////|
5│/////////|
6│/////////|
7│111//////|
8│..1111///|
9│.....1///|
—│—————————|
Set/unset mine marks or claim a cell as free: > 1 9 free

 │123456789|
—│—————————|
1│/////////|
2│/////////|
3│/////////|
4│/////////|
5│/////////|
6│/////////|
7│111//////|
8│..1111///|
9│1....1///|
—│—————————|
Set/unset mine marks or claim a cell as free: > 4 9 free

 │123456789|
—│—————————|
1│/////////|
2│/////////|
3│/////////|
4│/////////|
5│/////////|
6│/////////|
7│111//////|
8│..1111///|
9│1..1.1///|
—│—————————|
Set/unset mine marks or claim a cell as free: > 2 8 free
You stepped on a mine and failed!

 │123456789|
—│—————————|
1│/////////|
2│/////////|
3│/////////|
4│/////////|
5│/////////|
6│/////////|
7│111//////|
8│.11111///|
9│1..1.1///|
—│—————————|
?[1;31m
Start test 33?[0m
How many mines do you want on the field? > 2

 │123456789|
—│—————————|
1│.........|
2│.........|
3│.........|
4│.........|
5│.........|
6│.........|
7│.........|
8│.........|
9│.........|
—│—————————|
Set/unset mine marks or claim a cell as free: > 1 2 free
Congratulations! You found all the mines!

 │123456789|
—│—————————|
1│/////////|
2│/////////|
3│/////////|
4│/////////|
5│/////111/|
6│////12.1/|
7│////1.21/|
8│////111//|
9│/////////|
—│—————————|
?[1;31m
Start test 34?[0m
How many mines do you want on the field? > 2

 │123456789|
—│—————————|
1│.........|
2│.........|
3│.........|
4│.........|
5│.........|
6│.........|
7│.........|
8│.........|
9│.........|
—│—————————|
Set/unset mine marks or claim a cell as free: > 5 4 free

 │123456789|
—│—————————|
1│/////////|
2│/////////|
3│/////////|
4│111//////|
5│..1///111|
6│111///1..|
7│//////111|
8│/////////|
9│/////////|
—│—————————|
Set/unset mine marks or claim a cell as free: > 9 6 free

 │123456789|
—│—————————|
1│/////////|
2│/////////|
3│/////////|
4│111//////|
5│..1///111|
6│111///1.1|
7│//////111|
8│/////////|
9│/////////|
—│—————————|
Set/unset mine marks or claim a cell as free: > 8 6 free
You stepped on a mine and failed!

 │123456789|
—│—————————|
1│/////////|
2│/////////|
3│/////////|
4│111//////|
5│..1///111|
6│111///111|
7│//////111|
8│/////////|
9│/////////|
—│—————————|
?[1;31m
Start test 35?[0m
How many mines do you want on the field? > 2

 │123456789|
—│—————————|
1│.........|
2│.........|
3│.........|
4│.........|
5│.........|
6│.........|
7│.........|
8│.........|
9│.........|
—│—————————|
Set/unset mine marks or claim a cell as free: > 2 6 free

 │123456789|
—│—————————|
1│/////////|
2│111//////|
3│..1//////|
4│111//////|
5│/////111/|
6│/////1.1/|
7│/////111/|
8│/////////|
9│/////////|
—│—————————|
Set/unset mine marks or claim a cell as free: > 1 3 free
Congratulations! You found all the mines!

 │123456789|
—│—————————|
1│/////////|
2│111//////|
3│1.1//////|
4│111//////|
5│/////111/|
6│/////1.1/|
7│/////111/|
8│/////////|
9│/////////|
—│—————————|
?[1;31m
Start test 36?[0m
How many mines do you want on the field? > 2

 │123456789|
—│—————————|
1│.........|
2│.........|
3│.........|
4│.........|
5│.........|
6│.........|
7│.........|
8│.........|
9│.........|
—│—————————|
Set/unset mine marks or claim a cell as free: > 8 8 free

 │123456789|
—│—————————|
1│.........|
2│.........|
3│.........|
4│.........|
5│.........|
6│.........|
7│.........|
8│.......1.|
9│.........|
—│—————————|
Set/unset mine marks or claim a cell as free: > 9 8 mine

 │123456789|
—│—————————|
1│.........|
2│.........|
3│.........|
4│.........|
5│.........|
6│.........|
7│.........|
8│.......1*|
9│.........|
—│—————————|
Set/unset mine marks or claim a cell as free: > 3 9 free

 │123456789|
—│—————————|
1│/////1.1/|
2│/////1.1/|
3│/////111/|
4│/////////|
5│/////////|
6│/////////|
7│///////11|
8│///////1*|
9│///////1.|
—│—————————|
Set/unset mine marks or claim a cell as free: > 7 2 free
You stepped on a mine and failed!

 │123456789|
—│—————————|
1│/////1.1/|
2│/////111/|
3│/////111/|
4│/////////|
5│/////////|
6│/////////|
7│///////11|
8│///////1*|
9│///////1.|
—│—————————|
?[1;31m
Start test 37?[0m
How many mines do you want on the field? > 2

 │123456789|
—│—————————|
1│.........|
2│.........|
3│.........|
4│.........|
5│.........|
6│.........|
7│.........|
8│.........|
9│.........|
—│—————————|
Set/unset mine marks or claim a cell as free: > 6 3 mine

 │123456789|
—│—————————|
1│.........|
2│.........|
3│.....*...|
4│.........|
5│.........|
6│.........|
7│.........|
8│.........|
9│.........|
—│—————————|
Set/unset mine marks or claim a cell as free: > 3 3 mine

 │123456789|
—│—————————|
1│.........|
2│.........|
3│..*..*...|
4│.........|
5│.........|
6│.........|
7│.........|
8│.........|
9│.........|
—│—————————|
Set/unset mine marks or claim a cell as free: > 7 6 mine

 │123456789|
—│—————————|
1│.........|
2│.........|
3│..*..*...|
4│.........|
5│.........|
6│......*..|
7│.........|
8│.........|
9│.........|
—│—————————|
Set/unset mine marks or claim a cell as free: > 4 9 mine

 │123456789|
—│—————————|
1│.........|
2│.........|
3│..*..*...|
4│.........|
5│.........|
6│......*..|
7│.........|
8│.........|
9│...*.....|
—│—————————|
Set/unset mine marks or claim a cell as free: > 6 3 mine

 │123456789|
—│—————————|
1│.........|
2│.........|
3│..*......|
4│.........|
5│.........|
6│......*..|
7│.........|
8│.........|
9│...*.....|
—│—————————|
Set/unset mine marks or claim a cell as free: > 8 4 free

 │123456789|
—│—————————|
1│/////////|
2│/////////|
3│//111////|
4│//1.1////|
5│//2.2////|
6│//1.1////|
7│//111////|
8│/////////|
9│/////////|
—│—————————|
Set/unset mine marks or claim a cell as free: > 4 5 mine

 │123456789|
—│—————————|
1│/////////|
2│/////////|
3│//111////|
4│//1.1////|
5│//2*2////|
6│//1.1////|
7│//111////|
8│/////////|
9│/////////|
—│—————————|
Set/unset mine marks or claim a cell as free: > 4 6 free
You stepped on a mine and failed!

 │123456789|
—│—————————|
1│/////////|
2│/////////|
3│//111////|
4│//1.1////|
5│//2*2////|
6│//111////|
7│//111////|
8│/////////|
9│/////////|
—│—————————|
?[1;31m
Start test 38?[0m
How many mines do you want on the field? > 2

 │123456789|
—│—————————|
1│.........|
2│.........|
3│.........|
4│.........|
5│.........|
6│.........|
7│.........|
8│.........|
9│.........|
—│—————————|
Set/unset mine marks or claim a cell as free: > 3 7 free

 │123456789|
—│—————————|
1│/1.1/////|
2│/1.1/////|
3│/111/////|
4│/////////|
5│/////////|
6│/////////|
7│///111///|
8│///1.1///|
9│///1.1///|
—│—————————|
Set/unset mine marks or claim a cell as free: > 5 8 free
You stepped on a mine and failed!

 │123456789|
—│—————————|
1│/1.1/////|
2│/1.1/////|
3│/111/////|
4│/////////|
5│/////////|
6│/////////|
7│///111///|
8│///111///|
9│///1.1///|
—│—————————|
?[1;31m
Start test 39?[0m
How many mines do you want on the field? > 2

 │123456789|
—│—————————|
1│.........|
2│.........|
3│.........|
4│.........|
5│.........|
6│.........|
7│.........|
8│.........|
9│.........|
—│—————————|
Set/unset mine marks or claim a cell as free: > 2 9 mine

 │123456789|
—│—————————|
1│.........|
2│.........|
3│.........|
4│.........|
5│.........|
6│.........|
7│.........|
8│.........|
9│.*.......|
—│—————————|
Set/unset mine marks or claim a cell as free: > 5 7 free

 │123456789|
—│—————————|
1│//////2..|
2│//////2..|
3│//////111|
4│/////////|
5│/////////|
6│/////////|
7│/////////|
8│/////////|
9│/////////|
—│—————————|
Set/unset mine marks or claim a cell as free: > 9 2 free

 │123456789|
—│—————————|
1│//////2..|
2│//////2.2|
3│//////111|
4│/////////|
5│/////////|
6│/////////|
7│/////////|
8│/////////|
9│/////////|
—│—————————|
Set/unset mine marks or claim a cell as free: > 8 2 mine

 │123456789|
—│—————————|
1│//////2..|
2│//////2*2|
3│//////111|
4│/////////|
5│/////////|
6│/////////|
7│/////////|
8│/////////|
9│/////////|
—│—————————|
Set/unset mine marks or claim a cell as free: > 8 1 free
You stepped on a mine and failed!

 │123456789|
—│—————————|
1│//////22.|
2│//////2*2|
3│//////111|
4│/////////|
5│/////////|
6│/////////|
7│/////////|
8│/////////|
9│/////////|
—│—————————|
?[1;31m
Start test 40?[0m
How many mines do you want on the field? > 2

 │123456789|
—│—————————|
1│.........|
2│.........|
3│.........|
4│.........|
5│.........|
6│.........|
7│.........|
8│.........|
9│.........|
—│—————————|
Set/unset mine marks or claim a cell as free: > 9 8 free

 │123456789|
—│—————————|
1│/////////|
2│/////////|
3│//////111|
4│//////1..|
5│//////111|
6│/////////|
7│///111///|
8│///1.1///|
9│///1.1///|
—│—————————|
Set/unset mine marks or claim a cell as free: > 8 4 mine

 │123456789|
—│—————————|
1│/////////|
2│/////////|
3│//////111|
4│//////1*.|
5│//////111|
6│/////////|
7│///111///|
8│///1.1///|
9│///1.1///|
—│—————————|
Set/unset mine marks or claim a cell as free: > 9 4 free

 │123456789|
—│—————————|
1│/////////|
2│/////////|
3│//////111|
4│//////1*1|
5│//////111|
6│/////////|
7│///111///|
8│///1.1///|
9│///1.1///|
—│—————————|
Set/unset mine marks or claim a cell as free: > 5 9 mine

 │123456789|
—│—————————|
1│/////////|
2│/////////|
3│//////111|
4│//////1*1|
5│//////111|
6│/////////|
7│///111///|
8│///1.1///|
9│///1*1///|
—│—————————|
Set/unset mine marks or claim a cell as free: > 5 9 mine

 │123456789|
—│—————————|
1│/////////|
2│/////////|
3│//////111|
4│//////1*1|
5│//////111|
6│/////////|
7│///111///|
8│///1.1///|
9│///1.1///|
—│—————————|
Set/unset mine marks or claim a cell as free: > 5 9 mine

 │123456789|
—│—————————|
1│/////////|
2│/////////|
3│//////111|
4│//////1*1|
5│//////111|
6│/////////|
7│///111///|
8│///1.1///|
9│///1*1///|
—│—————————|
Set/unset mine marks or claim a cell as free: > 5 9 mine

 │123456789|
—│—————————|
1│/////////|
2│/////////|
3│//////111|
4│//////1*1|
5│//////111|
6│/////////|
7│///111///|
8│///1.1///|
9│///1.1///|
—│—————————|
Set/unset mine marks or claim a cell as free: > 5 8 free
You stepped on a mine and failed!

 │123456789|
—│—————————|
1│/////////|
2│/////////|
3│//////111|
4│//////1*1|
5│//////111|
6│/////////|
7│///111///|
8│///111///|
9│///1.1///|
—│—————————|
?[1;31m
Start test 41?[0m
How many mines do you want on the field? > 3

 │123456789|
—│—————————|
1│.........|
2│.........|
3│.........|
4│.........|
5│.........|
6│.........|
7│.........|
8│.........|
9│.........|
—│—————————|
Set/unset mine marks or claim a cell as free: > 8 9 free

 │123456789|
—│—————————|
1│/1.1/////|
2│/1.1/////|
3│/2.2/////|
4│/1.1/////|
5│/111111//|
6│////1.1//|
7│////111//|
8│/////////|
9│/////////|
—│—————————|
Set/unset mine marks or claim a cell as free: > 3 4 free
You stepped on a mine and failed!

 │123456789|
—│—————————|
1│/1.1/////|
2│/1.1/////|
3│/2.2/////|
4│/111/////|
5│/111111//|
6│////1.1//|
7│////111//|
8│/////////|
9│/////////|
—│—————————|
?[1;31m
Start test 42?[0m
How many mines do you want on the field? > 3

 │123456789|
—│—————————|
1│.........|
2│.........|
3│.........|
4│.........|
5│.........|
6│.........|
7│.........|
8│.........|
9│.........|
—│—————————|
Set/unset mine marks or claim a cell as free: > 7 9 free

 │123456789|
—│—————————|
1│/1..1////|
2│/1.21111/|
3│/111/1.1/|
4│/////111/|
5│/////////|
6│/////////|
7│/////////|
8│/////////|
9│/////////|
—│—————————|
Set/unset mine marks or claim a cell as free: > 3 1 free
Congratulations! You found all the mines!

 │123456789|
—│—————————|
1│/12.1////|
2│/1.21111/|
3│/111/1.1/|
4│/////111/|
5│/////////|
6│/////////|
7│/////////|
8│/////////|
9│/////////|
—│—————————|
?[1;31m
Start test 43?[0m
How many mines do you want on the field? > 3

 │123456789|
—│—————————|
1│.........|
2│.........|
3│.........|
4│.........|
5│.........|
6│.........|
7│.........|
8│.........|
9│.........|
—│—————————|
Set/unset mine marks or claim a cell as free: > 4 1 free

 │123456789|
—│—————————|
1│/////////|
2│/////////|
3│//111////|
4│//1.1////|
5│//111////|
6│/////////|
7│////11211|
8│////1....|
9│////1....|
—│—————————|
Set/unset mine marks or claim a cell as free: > 7 8 mine

 │123456789|
—│—————————|
1│/////////|
2│/////////|
3│//111////|
4│//1.1////|
5│//111////|
6│/////////|
7│////11211|
8│////1.*..|
9│////1....|
—│—————————|
Set/unset mine marks or claim a cell as free: > 9 8 free

 │123456789|
—│—————————|
1│/////////|
2│/////////|
3│//111////|
4│//1.1////|
5│//111////|
6│/////////|
7│////11211|
8│////1.*.1|
9│////1....|
—│—————————|
Set/unset mine marks or claim a cell as free: > 7 8 mine

 │123456789|
—│—————————|
1│/////////|
2│/////////|
3│//111////|
4│//1.1////|
5│//111////|
6│/////////|
7│////11211|
8│////1...1|
9│////1....|
—│—————————|
Set/unset mine marks or claim a cell as free: > 6 8 free
You stepped on a mine and failed!

 │123456789|
—│—————————|
1│/////////|
2│/////////|
3│//111////|
4│//1.1////|
5│//111////|
6│/////////|
7│////11211|
8│////11..1|
9│////1....|
—│—————————|
?[1;31m
Start test 44?[0m
How many mines do you want on the field? > 3

 │123456789|
—│—————————|
1│.........|
2│.........|
3│.........|
4│.........|
5│.........|
6│.........|
7│.........|
8│.........|
9│.........|
—│—————————|
Set/unset mine marks or claim a cell as free: > 4 2 free

 │123456789|
—│—————————|
1│/////////|
2│/////////|
3│/////////|
4│/////////|
5│/////////|
6│/////////|
7│111//////|
8│..1/1221/|
9│..1/1..1/|
—│—————————|
Set/unset mine marks or claim a cell as free: > 1 8 free

 │123456789|
—│—————————|
1│/////////|
2│/////////|
3│/////////|
4│/////////|
5│/////////|
6│/////////|
7│111//////|
8│1.1/1221/|
9│..1/1..1/|
—│—————————|
Set/unset mine marks or claim a cell as free: > 6 9 mine

 │123456789|
—│—————————|
1│/////////|
2│/////////|
3│/////////|
4│/////////|
5│/////////|
6│/////////|
7│111//////|
8│1.1/1221/|
9│..1/1*.1/|
—│—————————|
Set/unset mine marks or claim a cell as free: > 2 9 mine

 │123456789|
—│—————————|
1│/////////|
2│/////////|
3│/////////|
4│/////////|
5│/////////|
6│/////////|
7│111//////|
8│1.1/1221/|
9│.*1/1*.1/|
—│—————————|
Set/unset mine marks or claim a cell as free: > 7 9 mine

 │123456789|
—│—————————|
1│/////////|
2│/////////|
3│/////////|
4│/////////|
5│/////////|
6│/////////|
7│111//////|
8│1.1/1221/|
9│.*1/1**1/|
—│—————————|
Set/unset mine marks or claim a cell as free: > 1 9 mine

 │123456789|
—│—————————|
1│/////////|
2│/////////|
3│/////////|
4│/////////|
5│/////////|
6│/////////|
7│111//////|
8│1.1/1221/|
9│**1/1**1/|
—│—————————|
Set/unset mine marks or claim a cell as free: > 2 8 free
You stepped on a mine and failed!

 │123456789|
—│—————————|
1│/////////|
2│/////////|
3│/////////|
4│/////////|
5│/////////|
6│/////////|
7│111//////|
8│111/1221/|
9│**1/1**1/|
—│—————————|
?[1;31m
Start test 45?[0m
How many mines do you want on the field? > 3

 │123456789|
—│—————————|
1│.........|
2│.........|
3│.........|
4│.........|
5│.........|
6│.........|
7│.........|
8│.........|
9│.........|
—│—————————|
Set/unset mine marks or claim a cell as free: > 8 6 free

 │123456789|
—│—————————|
1│/////////|
2│///111///|
3│///1.1///|
4│///111///|
5│/////////|
6│/////////|
7│///111///|
8│///1.1/11|
9│///1.1/1.|
—│—————————|
Set/unset mine marks or claim a cell as free: > 5 9 mine

 │123456789|
—│—————————|
1│/////////|
2│///111///|
3│///1.1///|
4│///111///|
5│/////////|
6│/////////|
7│///111///|
8│///1.1/11|
9│///1*1/1.|
—│—————————|
Set/unset mine marks or claim a cell as free: > 9 9 free
You stepped on a mine and failed!

 │123456789|
—│—————————|
1│/////////|
2│///111///|
3│///1.1///|
4│///111///|
5│/////////|
6│/////////|
7│///111///|
8│///1.1/11|
9│///1*1/11|
—│—————————|
?[1;31m
Start test 46?[0m
How many mines do you want on the field? > 3

 │123456789|
—│—————————|
1│.........|
2│.........|
3│.........|
4│.........|
5│.........|
6│.........|
7│.........|
8│.........|
9│.........|
—│—————————|
Set/unset mine marks or claim a cell as free: > 2 3 free

 │123456789|
—│—————————|
1│/////////|
2│/////////|
3│/////////|
4│///////11|
5│///////1.|
6│///////11|
7│/////////|
8│1221/////|
9│...1/////|
—│—————————|
Set/unset mine marks or claim a cell as free: > 2 9 free
You stepped on a mine and failed!

 │123456789|
—│—————————|
1│/////////|
2│/////////|
3│/////////|
4│///////11|
5│///////1.|
6│///////11|
7│/////////|
8│1221/////|
9│.2.1/////|
—│—————————|
?[1;31m
Start test 47?[0m
How many mines do you want on the field? > 3

 │123456789|
—│—————————|
1│.........|
2│.........|
3│.........|
4│.........|
5│.........|
6│.........|
7│.........|
8│.........|
9│.........|
—│—————————|
Set/unset mine marks or claim a cell as free: > 3 7 free

 │123456789|
—│—————————|
1│/////////|
2│///////11|
3│/111///1.|
4│/1.1///11|
5│/111/////|
6│/////////|
7│11///////|
8│.1///////|
9│.1///////|
—│—————————|
Set/unset mine marks or claim a cell as free: > 1 8 mine

 │123456789|
—│—————————|
1│/////////|
2│///////11|
3│/111///1.|
4│/1.1///11|
5│/111/////|
6│/////////|
7│11///////|
8│*1///////|
9│.1///////|
—│—————————|
Set/unset mine marks or claim a cell as free: > 3 4 mine

 │123456789|
—│—————————|
1│/////////|
2│///////11|
3│/111///1.|
4│/1*1///11|
5│/111/////|
6│/////////|
7│11///////|
8│*1///////|
9│.1///////|
—│—————————|
Set/unset mine marks or claim a cell as free: > 9 3 free
You stepped on a mine and failed!

 │123456789|
—│—————————|
1│/////////|
2│///////11|
3│/111///11|
4│/1*1///11|
5│/111/////|
6│/////////|
7│11///////|
8│*1///////|
9│.1///////|
—│—————————|
?[1;31m
Start test 48?[0m
How many mines do you want on the field? > 3

 │123456789|
—│—————————|
1│.........|
2│.........|
3│.........|
4│.........|
5│.........|
6│.........|
7│.........|
8│.........|
9│.........|
—│—————————|
Set/unset mine marks or claim a cell as free: > 8 8 free

 │123456789|
—│—————————|
1│/////////|
2│/////111/|
3│/////1.1/|
4│/////111/|
5│/////////|
6│/////////|
7│///111///|
8│11/1.1///|
9│.1/1.1///|
—│—————————|
Set/unset mine marks or claim a cell as free: > 1 9 free
You stepped on a mine and failed!

 │123456789|
—│—————————|
1│/////////|
2│/////111/|
3│/////1.1/|
4│/////111/|
5│/////////|
6│/////////|
7│///111///|
8│11/1.1///|
9│11/1.1///|
—│—————————|
?[1;31m
Start test 49?[0m
How many mines do you want on the field? > 3

 │123456789|
—│—————————|
1│.........|
2│.........|
3│.........|
4│.........|
5│.........|
6│.........|
7│.........|
8│.........|
9│.........|
—│—————————|
Set/unset mine marks or claim a cell as free: > 1 5 free

 │123456789|
—│—————————|
1│.........|
2│.........|
3│.........|
4│.........|
5│1........|
6│.........|
7│.........|
8│.........|
9│.........|
—│—————————|
Set/unset mine marks or claim a cell as free: > 4 3 mine

 │123456789|
—│—————————|
1│.........|
2│.........|
3│...*.....|
4│.........|
5│1........|
6│.........|
7│.........|
8│.........|
9│.........|
—│—————————|
Set/unset mine marks or claim a cell as free: > 4 2 mine

 │123456789|
—│—————————|
1│.........|
2│...*.....|
3│...*.....|
4│.........|
5│1........|
6│.........|
7│.........|
8│.........|
9│.........|
—│—————————|
Set/unset mine marks or claim a cell as free: > 1 6 free
Congratulations! You found all the mines!

 │123456789|
—│—————————|
1│/////////|
2│/////////|
3│11///111/|
4│.1///1.1/|
5│11///111/|
6│////111//|
7│////1.1//|
8│////111//|
9│/////////|
—│—————————|
?[1;31m
Start test 50?[0m
How many mines do you want on the field? > 3

 │123456789|
—│—————————|
1│.........|
2│.........|
3│.........|
4│.........|
5│.........|
6│.........|
7│.........|
8│.........|
9│.........|
—│—————————|
Set/unset mine marks or claim a cell as free: > 9 9 free

 │123456789|
—│—————————|
1│/////////|
2│/////////|
3│/////////|
4│/////////|
5│/////////|
6│/////////|
7│///111///|
8│//12.21//|
9│//1...1//|
—│—————————|
Set/unset mine marks or claim a cell as free: > 5 9 free
Congratulations! You found all the mines!

 │123456789|
—│—————————|
1│/////////|
2│/////////|
3│/////////|
4│/////////|
5│/////////|
6│/////////|
7│///111///|
8│//12.21//|
9│//1.3.1//|
—│—————————|
?[1;31m
Start test 51?[0m
How many mines do you want on the field? > 3

 │123456789|
—│—————————|
1│.........|
2│.........|
3│.........|
4│.........|
5│.........|
6│.........|
7│.........|
8│.........|
9│.........|
—│—————————|
Set/unset mine marks or claim a cell as free: > 7 7 mine

 │123456789|
—│—————————|
1│.........|
2│.........|
3│.........|
4│.........|
5│.........|
6│.........|
7│......*..|
8│.........|
9│.........|
—│—————————|
Set/unset mine marks or claim a cell as free: > 1 4 free

 │123456789|
—│—————————|
1│/////////|
2│/////////|
3│/////////|
4│/////////|
5│11211////|
6│....1////|
7│..311////|
8│..1//////|
9│..1//////|
—│—————————|
Set/unset mine marks or claim a cell as free: > 1 8 free

 │123456789|
—│—————————|
1│/////////|
2│/////////|
3│/////////|
4│/////////|
5│11211////|
6│....1////|
7│..311////|
8│1.1//////|
9│..1//////|
—│—————————|
Set/unset mine marks or claim a cell as free: > 4 6 mine

 │123456789|
—│—————————|
1│/////////|
2│/////////|
3│/////////|
4│/////////|
5│11211////|
6│...*1////|
7│..311////|
8│1.1//////|
9│..1//////|
—│—————————|
Set/unset mine marks or claim a cell as free: > 1 6 free

 │123456789|
—│—————————|
1│/////////|
2│/////////|
3│/////////|
4│/////////|
5│11211////|
6│1..*1////|
7│..311////|
8│1.1//////|
9│..1//////|
—│—————————|
Set/unset mine marks or claim a cell as free: > 3 6 free

 │123456789|
—│—————————|
1│/////////|
2│/////////|
3│/////////|
4│/////////|
5│11211////|
6│1.2*1////|
7│..311////|
8│1.1//////|
9│..1//////|
—│—————————|
Set/unset mine marks or claim a cell as free: > 2 7 mine

 │123456789|
—│—————————|
1│/////////|
2│/////////|
3│/////////|
4│/////////|
5│11211////|
6│1.2*1////|
7│.*311////|
8│1.1//////|
9│..1//////|
—│—————————|
Set/unset mine marks or claim a cell as free: > 2 6 free
You stepped on a mine and failed!

 │123456789|
—│—————————|
1│/////////|
2│/////////|
3│/////////|
4│/////////|
5│11211////|
6│112*1////|
7│.*311////|
8│1.1//////|
9│..1//////|
—│—————————|
?[1;31m
Start test 52?[0m
How many mines do you want on the field? > 3

 │123456789|
—│—————————|
1│.........|
2│.........|
3│.........|
4│.........|
5│.........|
6│.........|
7│.........|
8│.........|
9│.........|
—│—————————|
Set/unset mine marks or claim a cell as free: > 1 2 free
Congratulations! You found all the mines!

 │123456789|
—│—————————|
1│/////////|
2│/////////|
3│/////111/|
4│/////1.1/|
5│///11211/|
6│///1.1///|
7│///111///|
8│/////111/|
9│/////1.1/|
—│—————————|
?[1;31m
Start test 53?[0m
How many mines do you want on the field? > 3

 │123456789|
—│—————————|
1│.........|
2│.........|
3│.........|
4│.........|
5│.........|
6│.........|
7│.........|
8│.........|
9│.........|
—│—————————|
Set/unset mine marks or claim a cell as free: > 3 3 free

 │123456789|
—│—————————|
1│.........|
2│.........|
3│..1......|
4│.........|
5│.........|
6│.........|
7│.........|
8│.........|
9│.........|
—│—————————|
Set/unset mine marks or claim a cell as free: > 6 2 free

 │123456789|
—│—————————|
1│..1//////|
2│..1//////|
3│111//111/|
4│/////1.1/|
5│/////2.2/|
6│/////1.1/|
7│/////111/|
8│/////////|
9│/////////|
—│—————————|
Set/unset mine marks or claim a cell as free: > 7 6 mine

 │123456789|
—│—————————|
1│..1//////|
2│..1//////|
3│111//111/|
4│/////1.1/|
5│/////2.2/|
6│/////1*1/|
7│/////111/|
8│/////////|
9│/////////|
—│—————————|
Set/unset mine marks or claim a cell as free: > 2 2 mine

 │123456789|
—│—————————|
1│..1//////|
2│.*1//////|
3│111//111/|
4│/////1.1/|
5│/////2.2/|
6│/////1*1/|
7│/////111/|
8│/////////|
9│/////////|
—│—————————|
Set/unset mine marks or claim a cell as free: > 1 2 mine

 │123456789|
—│—————————|
1│..1//////|
2│**1//////|
3│111//111/|
4│/////1.1/|
5│/////2.2/|
6│/////1*1/|
7│/////111/|
8│/////////|
9│/////////|
—│—————————|
Set/unset mine marks or claim a cell as free: > 1 1 mine

 │123456789|
—│—————————|
1│*.1//////|
2│**1//////|
3│111//111/|
4│/////1.1/|
5│/////2.2/|
6│/////1*1/|
7│/////111/|
8│/////////|
9│/////////|
—│—————————|
Set/unset mine marks or claim a cell as free: > 7 5 mine

 │123456789|
—│—————————|
1│*.1//////|
2│**1//////|
3│111//111/|
4│/////1.1/|
5│/////2*2/|
6│/////1*1/|
7│/////111/|
8│/////////|
9│/////////|
—│—————————|
Set/unset mine marks or claim a cell as free: > 7 4 mine

 │123456789|
—│—————————|
1│*.1//////|
2│**1//////|
3│111//111/|
4│/////1*1/|
5│/////2*2/|
6│/////1*1/|
7│/////111/|
8│/////////|
9│/////////|
—│—————————|
Set/unset mine marks or claim a cell as free: > 2 1 mine

 │123456789|
—│—————————|
1│**1//////|
2│**1//////|
3│111//111/|
4│/////1*1/|
5│/////2*2/|
6│/////1*1/|
7│/////111/|
8│/////////|
9│/////////|
—│—————————|
Set/unset mine marks or claim a cell as free: > 7 4 mine

 │123456789|
—│—————————|
1│**1//////|
2│**1//////|
3│111//111/|
4│/////1.1/|
5│/////2*2/|
6│/////1*1/|
7│/////111/|
8│/////////|
9│/////////|
—│—————————|
Set/unset mine marks or claim a cell as free: > 7 4 mine

 │123456789|
—│—————————|
1│**1//////|
2│**1//////|
3│111//111/|
4│/////1*1/|
5│/////2*2/|
6│/////1*1/|
7│/////111/|
8│/////////|
9│/////////|
—│—————————|
Set/unset mine marks or claim a cell as free: > 7 4 mine

 │123456789|
—│—————————|
1│**1//////|
2│**1//////|
3│111//111/|
4│/////1.1/|
5│/////2*2/|
6│/////1*1/|
7│/////111/|
8│/////////|
9│/////////|
—│—————————|
Set/unset mine marks or claim a cell as free: > 7 4 mine

 │123456789|
—│—————————|
1│**1//////|
2│**1//////|
3│111//111/|
4│/////1*1/|
5│/////2*2/|
6│/////1*1/|
7│/////111/|
8│/////////|
9│/////////|
—│—————————|
Set/unset mine marks or claim a cell as free: > 1 2 mine

 │123456789|
—│—————————|
1│**1//////|
2│.*1//////|
3│111//111/|
4│/////1*1/|
5│/////2*2/|
6│/////1*1/|
7│/////111/|
8│/////////|
9│/////////|
—│—————————|
Set/unset mine marks or claim a cell as free: > 1 2 free

 │123456789|
—│—————————|
1│**1//////|
2│1*1//////|
3│111//111/|
4│/////1*1/|
5│/////2*2/|
6│/////1*1/|
7│/////111/|
8│/////////|
9│/////////|
—│—————————|
Set/unset mine marks or claim a cell as free: > 1 1 mine

 │123456789|
—│—————————|
1│.*1//////|
2│1*1//////|
3│111//111/|
4│/////1*1/|
5│/////2*2/|
6│/////1*1/|
7│/////111/|
8│/////////|
9│/////////|
—│—————————|
Set/unset mine marks or claim a cell as free: > 1 1 mine

 │123456789|
—│—————————|
1│**1//////|
2│1*1//////|
3│111//111/|
4│/////1*1/|
5│/////2*2/|
6│/////1*1/|
7│/////111/|
8│/////////|
9│/////////|
—│—————————|
Set/unset mine marks or claim a cell as free: > 2 1 mine

 │123456789|
—│—————————|
1│*.1//////|
2│1*1//////|
3│111//111/|
4│/////1*1/|
5│/////2*2/|
6│/////1*1/|
7│/////111/|
8│/////////|
9│/////////|
—│—————————|
Set/unset mine marks or claim a cell as free: > 2 1 free

 │123456789|
—│—————————|
1│*11//////|
2│1*1//////|
3│111//111/|
4│/////1*1/|
5│/////2*2/|
6│/////1*1/|
7│/////111/|
8│/////////|
9│/////////|
—│—————————|
Set/unset mine marks or claim a cell as free: > 7 6 mine

 │123456789|
—│—————————|
1│*11//////|
2│1*1//////|
3│111//111/|
4│/////1*1/|
5│/////2*2/|
6│/////1.1/|
7│/////111/|
8│/////////|
9│/////////|
—│—————————|
Set/unset mine marks or claim a cell as free: > 7 6 free
You stepped on a mine and failed!

 │123456789|
—│—————————|
1│*11//////|
2│1*1//////|
3│111//111/|
4│/////1*1/|
5│/////2*2/|
6│/////111/|
7│/////111/|
8│/////////|
9│/////////|
—│—————————|
?[1;31m
Start test 54?[0m
How many mines do you want on the field? > 3

 │123456789|
—│—————————|
1│.........|
2│.........|
3│.........|
4│.........|
5│.........|
6│.........|
7│.........|
8│.........|
9│.........|
—│—————————|
Set/unset mine marks or claim a cell as free: > 8 9 mine

 │123456789|
—│—————————|
1│.........|
2│.........|
3│.........|
4│.........|
5│.........|
6│.........|
7│.........|
8│.........|
9│.......*.|
—│—————————|
Set/unset mine marks or claim a cell as free: > 8 9 mine

 │123456789|
—│—————————|
1│.........|
2│.........|
3│.........|
4│.........|
5│.........|
6│.........|
7│.........|
8│.........|
9│.........|
—│—————————|
Set/unset mine marks or claim a cell as free: > 3 4 free

 │123456789|
—│—————————|
1│.........|
2│.........|
3│.........|
4│..1......|
5│.........|
6│.........|
7│.........|
8│.........|
9│.........|
—│—————————|
Set/unset mine marks or claim a cell as free: > 3 8 free

 │123456789|
—│—————————|
1│.1///////|
2│.1///////|
3│.21//////|
4│..1//////|
5│111//////|
6│/////////|
7│/////111/|
8│/////1.1/|
9│/////1.1/|
—│—————————|
Set/unset mine marks or claim a cell as free: > 1 3 free

 │123456789|
—│—————————|
1│.1///////|
2│.1///////|
3│221//////|
4│..1//////|
5│111//////|
6│/////////|
7│/////111/|
8│/////1.1/|
9│/////1.1/|
—│—————————|
Set/unset mine marks or claim a cell as free: > 1 4 free

 │123456789|
—│—————————|
1│.1///////|
2│.1///////|
3│221//////|
4│1.1//////|
5│111//////|
6│/////////|
7│/////111/|
8│/////1.1/|
9│/////1.1/|
—│—————————|
Set/unset mine marks or claim a cell as free: > 1 1 free

 │123456789|
—│—————————|
1│11///////|
2│.1///////|
3│221//////|
4│1.1//////|
5│111//////|
6│/////////|
7│/////111/|
8│/////1.1/|
9│/////1.1/|
—│—————————|
Set/unset mine marks or claim a cell as free: > 2 4 free
You stepped on a mine and failed!

 │123456789|
—│—————————|
1│11///////|
2│.1///////|
3│221//////|
4│111//////|
5│111//////|
6│/////////|
7│/////111/|
8│/////1.1/|
9│/////1.1/|
—│—————————|
?[1;31m
Start test 55?[0m
How many mines do you want on the field? > 3

 │123456789|
—│—————————|
1│.........|
2│.........|
3│.........|
4│.........|
5│.........|
6│.........|
7│.........|
8│.........|
9│.........|
—│—————————|
Set/unset mine marks or claim a cell as free: > 9 4 free

 │123456789|
—│—————————|
1│/////////|
2│111/111//|
3│..1/1.1//|
4│111/111//|
5│/////////|
6│/////111/|
7│/////1.1/|
8│/////111/|
9│/////////|
—│—————————|
Set/unset mine marks or claim a cell as free: > 1 3 free
Congratulations! You found all the mines!

 │123456789|
—│—————————|
1│/////////|
2│111/111//|
3│1.1/1.1//|
4│111/111//|
5│/////////|
6│/////111/|
7│/////1.1/|
8│/////111/|
9│/////////|
—│—————————|
?[1;31m
Start test 56?[0m
How many mines do you want on the field? > 3

 │123456789|
—│—————————|
1│.........|
2│.........|
3│.........|
4│.........|
5│.........|
6│.........|
7│.........|
8│.........|
9│.........|
—│—————————|
Set/unset mine marks or claim a cell as free: > 1 2 mine

 │123456789|
—│—————————|
1│.........|
2│*........|
3│.........|
4│.........|
5│.........|
6│.........|
7│.........|
8│.........|
9│.........|
—│—————————|
Set/unset mine marks or claim a cell as free: > 4 4 free

 │123456789|
—│—————————|
1│.........|
2│*........|
3│.........|
4│...2.....|
5│.........|
6│.........|
7│.........|
8│.........|
9│.........|
—│—————————|
Set/unset mine marks or claim a cell as free: > 1 7 free

 │123456789|
—│—————————|
1│/////////|
2│//111////|
3│//1.21///|
4│//12.1///|
5│///111///|
6│//////111|
7│//////1..|
8│//////111|
9│/////////|
—│—————————|
Set/unset mine marks or claim a cell as free: > 5 4 free
You stepped on a mine and failed!

 │123456789|
—│—————————|
1│/////////|
2│//111////|
3│//1.21///|
4│//1221///|
5│///111///|
6│//////111|
7│//////1..|
8│//////111|
9│/////////|
—│—————————|
?[1;31m
Start test 57?[0m
How many mines do you want on the field? > 3

 │123456789|
—│—————————|
1│.........|
2│.........|
3│.........|
4│.........|
5│.........|
6│.........|
7│.........|
8│.........|
9│.........|
—│—————————|
Set/unset mine marks or claim a cell as free: > 8 6 free

 │123456789|
—│—————————|
1│//1.1////|
2│//111////|
3│///////11|
4│///////1.|
5│111////11|
6│..1//////|
7│111//////|
8│/////////|
9│/////////|
—│—————————|
Set/unset mine marks or claim a cell as free: > 1 6 mine

 │123456789|
—│—————————|
1│//1.1////|
2│//111////|
3│///////11|
4│///////1.|
5│111////11|
6│*.1//////|
7│111//////|
8│/////////|
9│/////////|
—│—————————|
Set/unset mine marks or claim a cell as free: > 1 6 mine

 │123456789|
—│—————————|
1│//1.1////|
2│//111////|
3│///////11|
4│///////1.|
5│111////11|
6│..1//////|
7│111//////|
8│/////////|
9│/////////|
—│—————————|
Set/unset mine marks or claim a cell as free: > 2 6 free
You stepped on a mine and failed!

 │123456789|
—│—————————|
1│//1.1////|
2│//111////|
3│///////11|
4│///////1.|
5│111////11|
6│.11//////|
7│111//////|
8│/////////|
9│/////////|
—│—————————|
?[1;31m
Start test 58?[0m
How many mines do you want on the field? > 3

 │123456789|
—│—————————|
1│.........|
2│.........|
3│.........|
4│.........|
5│.........|
6│.........|
7│.........|
8│.........|
9│.........|
—│—————————|
Set/unset mine marks or claim a cell as free: > 5 2 free
Congratulations! You found all the mines!

 │123456789|
—│—————————|
1│///////1.|
2│///////11|
3│/111/////|
4│/1.1/////|
5│/111/////|
6│/////111/|
7│/////1.1/|
8│/////111/|
9│/////////|
—│—————————|
?[1;31m
Start test 59?[0m
How many mines do you want on the field? > 3

 │123456789|
—│—————————|
1│.........|
2│.........|
3│.........|
4│.........|
5│.........|
6│.........|
7│.........|
8│.........|
9│.........|
—│—————————|
Set/unset mine marks or claim a cell as free: > 3 8 mine

 │123456789|
—│—————————|
1│.........|
2│.........|
3│.........|
4│.........|
5│.........|
6│.........|
7│.........|
8│..*......|
9│.........|
—│—————————|
Set/unset mine marks or claim a cell as free: > 3 8 mine

 │123456789|
—│—————————|
1│.........|
2│.........|
3│.........|
4│.........|
5│.........|
6│.........|
7│.........|
8│.........|
9│.........|
—│—————————|
Set/unset mine marks or claim a cell as free: > 5 9 free

 │123456789|
—│—————————|
1│///////2.|
2│///////2.|
3│///////11|
4│/////////|
5│/////////|
6│/////////|
7│/////////|
8│//////111|
9│//////1..|
—│—————————|
Set/unset mine marks or claim a cell as free: > 9 9 free
Congratulations! You found all the mines!

 │123456789|
—│—————————|
1│///////2.|
2│///////2.|
3│///////11|
4│/////////|
5│/////////|
6│/////////|
7│/////////|
8│//////111|
9│//////1.1|
—│—————————|
?[1;31m
Start test 60?[0m
How many mines do you want on the field? > 3

 │123456789|
—│—————————|
1│.........|
2│.........|
3│.........|
4│.........|
5│.........|
6│.........|
7│.........|
8│.........|
9│.........|
—│—————————|
Set/unset mine marks or claim a cell as free: > 6 5 mine

 │123456789|
—│—————————|
1│.........|
2│.........|
3│.........|
4│.........|
5│.....*...|
6│.........|
7│.........|
8│.........|
9│.........|
—│—————————|
Set/unset mine marks or claim a cell as free: > 3 7 free

 │123456789|
—│—————————|
1│..1///1..|
2│..1///1..|
3│111///111|
4│/////111/|
5│/////1.1/|
6│/////111/|
7│/////////|
8│/////////|
9│/////////|
—│—————————|
Set/unset mine marks or claim a cell as free: > 1 1 mine

 │123456789|
—│—————————|
1│*.1///1..|
2│..1///1..|
3│111///111|
4│/////111/|
5│/////1.1/|
6│/////111/|
7│/////////|
8│/////////|
9│/////////|
—│—————————|
Set/unset mine marks or claim a cell as free: > 2 2 free
You stepped on a mine and failed!

 │123456789|
—│—————————|
1│*.1///1..|
2│.11///1..|
3│111///111|
4│/////111/|
5│/////1.1/|
6│/////111/|
7│/////////|
8│/////////|
9│/////////|
—│—————————|
?[1;31m
Start test 61?[0m
How many mines do you want on the field? > 4

 │123456789|
—│—————————|
1│.........|
2│.........|
3│.........|
4│.........|
5│.........|
6│.........|
7│.........|
8│.........|
9│.........|
—│—————————|
Set/unset mine marks or claim a cell as free: > 9 6 free

 │123456789|
—│—————————|
1│.1///////|
2│11////111|
3│//////1..|
4│//////111|
5│/////////|
6│/////////|
7│/////////|
8│221//////|
9│..1//////|
—│—————————|
Set/unset mine marks or claim a cell as free: > 2 9 free
You stepped on a mine and failed!

 │123456789|
—│—————————|
1│.1///////|
2│11////111|
3│//////1..|
4│//////111|
5│/////////|
6│/////////|
7│/////////|
8│221//////|
9│.21//////|
—│—————————|
?[1;31m
Start test 62?[0m
How many mines do you want on the field? > 4

 │123456789|
—│—————————|
1│.........|
2│.........|
3│.........|
4│.........|
5│.........|
6│.........|
7│.........|
8│.........|
9│.........|
—│—————————|
Set/unset mine marks or claim a cell as free: > 6 7 mine

 │123456789|
—│—————————|
1│.........|
2│.........|
3│.........|
4│.........|
5│.........|
6│.........|
7│.....*...|
8│.........|
9│.........|
—│—————————|
Set/unset mine marks or claim a cell as free: > 5 2 free

 │123456789|
—│—————————|
1│///////1.|
2│///////1.|
3│111////11|
4│..1//////|
5│111//////|
6│/////111/|
7│/////1.1/|
8│///11211/|
9│///1.1///|
—│—————————|
Set/unset mine marks or claim a cell as free: > 9 2 free
You stepped on a mine and failed!

 │123456789|
—│—————————|
1│///////1.|
2│///////11|
3│111////11|
4│..1//////|
5│111//////|
6│/////111/|
7│/////1.1/|
8│///11211/|
9│///1.1///|
—│—————————|
?[1;31m
Start test 63?[0m
How many mines do you want on the field? > 4

 │123456789|
—│—————————|
1│.........|
2│.........|
3│.........|
4│.........|
5│.........|
6│.........|
7│.........|
8│.........|
9│.........|
—│—————————|
Set/unset mine marks or claim a cell as free: > 8 2 free

 │123456789|
—│—————————|
1│.........|
2│.......1.|
3│.........|
4│.........|
5│.........|
6│.........|
7│.........|
8│.........|
9│.........|
—│—————————|
Set/unset mine marks or claim a cell as free: > 6 8 free

 │123456789|
—│—————————|
1│...1/1.1/|
2│...1/111/|
3│12221////|
4│//1.1////|
5│//111////|
6│/////////|
7│/////////|
8│/////////|
9│/////////|
—│—————————|
Set/unset mine marks or claim a cell as free: > 7 1 mine

 │123456789|
—│—————————|
1│...1/1*1/|
2│...1/111/|
3│12221////|
4│//1.1////|
5│//111////|
6│/////////|
7│/////////|
8│/////////|
9│/////////|
—│—————————|
Set/unset mine marks or claim a cell as free: > 2 2 mine

 │123456789|
—│—————————|
1│...1/1*1/|
2│.*.1/111/|
3│12221////|
4│//1.1////|
5│//111////|
6│/////////|
7│/////////|
8│/////////|
9│/////////|
—│—————————|
Set/unset mine marks or claim a cell as free: > 2 2 mine

 │123456789|
—│—————————|
1│...1/1*1/|
2│...1/111/|
3│12221////|
4│//1.1////|
5│//111////|
6│/////////|
7│/////////|
8│/////////|
9│/////////|
—│—————————|
Set/unset mine marks or claim a cell as free: > 2 1 mine

 │123456789|
—│—————————|
1│.*.1/1*1/|
2│...1/111/|
3│12221////|
4│//1.1////|
5│//111////|
6│/////////|
7│/////////|
8│/////////|
9│/////////|
—│—————————|
Set/unset mine marks or claim a cell as free: > 7 1 mine

 │123456789|
—│—————————|
1│.*.1/1.1/|
2│...1/111/|
3│12221////|
4│//1.1////|
5│//111////|
6│/////////|
7│/////////|
8│/////////|
9│/////////|
—│—————————|
Set/unset mine marks or claim a cell as free: > 2 1 mine

 │123456789|
—│—————————|
1│...1/1.1/|
2│...1/111/|
3│12221////|
4│//1.1////|
5│//111////|
6│/////////|
7│/////////|
8│/////////|
9│/////////|
—│—————————|
Set/unset mine marks or claim a cell as free: > 1 2 free
You stepped on a mine and failed!

 │123456789|
—│—————————|
1│...1/1.1/|
2│1..1/111/|
3│12221////|
4│//1.1////|
5│//111////|
6│/////////|
7│/////////|
8│/////////|
9│/////////|
—│—————————|
?[1;31m
Start test 64?[0m
How many mines do you want on the field? > 4

 │123456789|
—│—————————|
1│.........|
2│.........|
3│.........|
4│.........|
5│.........|
6│.........|
7│.........|
8│.........|
9│.........|
—│—————————|
Set/unset mine marks or claim a cell as free: > 6 6 free

 │123456789|
—│—————————|
1│.........|
2│.........|
3│.........|
4│.........|
5│.........|
6│.....1...|
7│.........|
8│.........|
9│.........|
—│—————————|
Set/unset mine marks or claim a cell as free: > 3 7 free

 │123456789|
—│—————————|
1│/////////|
2│/////111/|
3│/////1.1/|
4│/111/1.1/|
5│/1.1/1.1/|
6│/111/1.21|
7│/////112.|
8│///////11|
9│/////////|
—│—————————|
Set/unset mine marks or claim a cell as free: > 9 7 free
You stepped on a mine and failed!

 │123456789|
—│—————————|
1│/////////|
2│/////111/|
3│/////1.1/|
4│/111/1.1/|
5│/1.1/1.1/|
6│/111/1.21|
7│/////1121|
8│///////11|
9│/////////|
—│—————————|
?[1;31m
Start test 65?[0m
How many mines do you want on the field? > 4

 │123456789|
—│—————————|
1│.........|
2│.........|
3│.........|
4│.........|
5│.........|
6│.........|
7│.........|
8│.........|
9│.........|
—│—————————|
Set/unset mine marks or claim a cell as free: > 4 3 free

 │123456789|
—│—————————|
1│/////////|
2│//////111|
3│//////1..|
4│//////111|
5│/////////|
6│/////////|
7│/12321///|
8│/1...1///|
9│/1...1///|
—│—————————|
Set/unset mine marks or claim a cell as free: > 9 3 mine

 │123456789|
—│—————————|
1│/////////|
2│//////111|
3│//////1.*|
4│//////111|
5│/////////|
6│/////////|
7│/12321///|
8│/1...1///|
9│/1...1///|
—│—————————|
Set/unset mine marks or claim a cell as free: > 5 8 free
You stepped on a mine and failed!

 │123456789|
—│—————————|
1│/////////|
2│//////111|
3│//////1.*|
4│//////111|
5│/////////|
6│/////////|
7│/12321///|
8│/1..21///|
9│/1...1///|
—│—————————|
?[1;31m
Start test 66?[0m
How many mines do you want on the field? > 4

 │123456789|
—│—————————|
1│.........|
2│.........|
3│.........|
4│.........|
5│.........|
6│.........|
7│.........|
8│.........|
9│.........|
—│—————————|
Set/unset mine marks or claim a cell as free: > 9 2 free

 │123456789|
—│—————————|
1│/////////|
2│////111//|
3│111/1.1//|
4│..1/111//|
5│111//////|
6│//////111|
7│//////1..|
8│/111//111|
9│/1.1/////|
—│—————————|
Set/unset mine marks or claim a cell as free: > 3 9 mine

 │123456789|
—│—————————|
1│/////////|
2│////111//|
3│111/1.1//|
4│..1/111//|
5│111//////|
6│//////111|
7│//////1..|
8│/111//111|
9│/1*1/////|
—│—————————|
Set/unset mine marks or claim a cell as free: > 2 4 free
You stepped on a mine and failed!

 │123456789|
—│—————————|
1│/////////|
2│////111//|
3│111/1.1//|
4│.11/111//|
5│111//////|
6│//////111|
7│//////1..|
8│/111//111|
9│/1*1/////|
—│—————————|
?[1;31m
Start test 67?[0m
How many mines do you want on the field? > 4

 │123456789|
—│—————————|
1│.........|
2│.........|
3│.........|
4│.........|
5│.........|
6│.........|
7│.........|
8│.........|
9│.........|
—│—————————|
Set/unset mine marks or claim a cell as free: > 6 3 free

 │123456789|
—│—————————|
1│..1////1.|
2│111////11|
3│/////////|
4│//////111|
5│//////1..|
6│//////1..|
7│/////11..|
8│/////1...|
9│/////1...|
—│—————————|
Set/unset mine marks or claim a cell as free: > 8 8 free

 │123456789|
—│—————————|
1│..1////1.|
2│111////11|
3│/////////|
4│//////111|
5│//////1..|
6│//////1..|
7│/////11..|
8│/////1.1.|
9│/////1...|
—│—————————|
Set/unset mine marks or claim a cell as free: > 8 7 free

 │123456789|
—│—————————|
1│..1////1.|
2│111////11|
3│/////////|
4│//////111|
5│//////1..|
6│//////1..|
7│/////111.|
8│/////1.1.|
9│/////1...|
—│—————————|
Set/unset mine marks or claim a cell as free: > 9 1 mine

 │123456789|
—│—————————|
1│..1////1*|
2│111////11|
3│/////////|
4│//////111|
5│//////1..|
6│//////1..|
7│/////111.|
8│/////1.1.|
9│/////1...|
—│—————————|
Set/unset mine marks or claim a cell as free: > 8 9 free

 │123456789|
—│—————————|
1│..1////1*|
2│111////11|
3│/////////|
4│//////111|
5│//////1..|
6│//////1..|
7│/////111.|
8│/////1.1.|
9│/////1.1.|
—│—————————|
Set/unset mine marks or claim a cell as free: > 9 1 mine

 │123456789|
—│—————————|
1│..1////1.|
2│111////11|
3│/////////|
4│//////111|
5│//////1..|
6│//////1..|
7│/////111.|
8│/////1.1.|
9│/////1.1.|
—│—————————|
Set/unset mine marks or claim a cell as free: > 9 6 mine

 │123456789|
—│—————————|
1│..1////1.|
2│111////11|
3│/////////|
4│//////111|
5│//////1..|
6│//////1.*|
7│/////111.|
8│/////1.1.|
9│/////1.1.|
—│—————————|
Set/unset mine marks or claim a cell as free: > 9 6 mine

 │123456789|
—│—————————|
1│..1////1.|
2│111////11|
3│/////////|
4│//////111|
5│//////1..|
6│//////1..|
7│/////111.|
8│/////1.1.|
9│/////1.1.|
—│—————————|
Set/unset mine marks or claim a cell as free: > 9 5 mine

 │123456789|
—│—————————|
1│..1////1.|
2│111////11|
3│/////////|
4│//////111|
5│//////1.*|
6│//////1..|
7│/////111.|
8│/////1.1.|
9│/////1.1.|
—│—————————|
Set/unset mine marks or claim a cell as free: > 9 6 mine

 │123456789|
—│—————————|
1│..1////1.|
2│111////11|
3│/////////|
4│//////111|
5│//////1.*|
6│//////1.*|
7│/////111.|
8│/////1.1.|
9│/////1.1.|
—│—————————|
Set/unset mine marks or claim a cell as free: > 8 5 free
You stepped on a mine and failed!

 │123456789|
—│—————————|
1│..1////1.|
2│111////11|
3│/////////|
4│//////111|
5│//////11*|
6│//////1.*|
7│/////111.|
8│/////1.1.|
9│/////1.1.|
—│—————————|
?[1;31m
Start test 68?[0m
How many mines do you want on the field? > 4

 │123456789|
—│—————————|
1│.........|
2│.........|
3│.........|
4│.........|
5│.........|
6│.........|
7│.........|
8│.........|
9│.........|
—│—————————|
Set/unset mine marks or claim a cell as free: > 9 5 free

 │123456789|
—│—————————|
1│////1.1//|
2│////111//|
3│/////////|
4│/////////|
5│/////////|
6│/////111/|
7│/////1.21|
8│11///112.|
9│.1/////1.|
—│—————————|
Set/unset mine marks or claim a cell as free: > 6 1 free
You stepped on a mine and failed!

 │123456789|
—│—————————|
1│////111//|
2│////111//|
3│/////////|
4│/////////|
5│/////////|
6│/////111/|
7│/////1.21|
8│11///112.|
9│.1/////1.|
—│—————————|
?[1;31m
Start test 69?[0m
How many mines do you want on the field? > 4

 │123456789|
—│—————————|
1│.........|
2│.........|
3│.........|
4│.........|
5│.........|
6│.........|
7│.........|
8│.........|
9│.........|
—│—————————|
Set/unset mine marks or claim a cell as free: > 6 2 free
Congratulations! You found all the mines!

 │123456789|
—│—————————|
1│/////////|
2│/////////|
3│/////////|
4│/////////|
5│//1221///|
6│/12..1/11|
7│/1.321/1.|
8│/111///11|
9│/////////|
—│—————————|
?[1;31m
Start test 70?[0m
How many mines do you want on the field? > 4

 │123456789|
—│—————————|
1│.........|
2│.........|
3│.........|
4│.........|
5│.........|
6│.........|
7│.........|
8│.........|
9│.........|
—│—————————|
Set/unset mine marks or claim a cell as free: > 3 8 free

 │123456789|
—│—————————|
1│///////1.|
2│///////11|
3│/////////|
4│///////11|
5│//////12.|
6│////112..|
7│////1.211|
8│////111//|
9│/////////|
—│—————————|
Set/unset mine marks or claim a cell as free: > 9 5 free
You stepped on a mine and failed!

 │123456789|
—│—————————|
1│///////1.|
2│///////11|
3│/////////|
4│///////11|
5│//////122|
6│////112..|
7│////1.211|
8│////111//|
9│/////////|
—│—————————|
?[1;31m
Start test 71?[0m
How many mines do you want on the field? > 4

 │123456789|
—│—————————|
1│.........|
2│.........|
3│.........|
4│.........|
5│.........|
6│.........|
7│.........|
8│.........|
9│.........|
—│—————————|
Set/unset mine marks or claim a cell as free: > 8 7 free

 │123456789|
—│—————————|
1│...1/////|
2│.211111//|
3│.1//1.1//|
4│11//111//|
5│/////////|
6│////111//|
7│////1.1//|
8│////111//|
9│/////////|
—│—————————|
Set/unset mine marks or claim a cell as free: > 6 7 free
You stepped on a mine and failed!

 │123456789|
—│—————————|
1│...1/////|
2│.211111//|
3│.1//1.1//|
4│11//111//|
5│/////////|
6│////111//|
7│////111//|
8│////111//|
9│/////////|
—│—————————|
?[1;31m
Start test 72?[0m
How many mines do you want on the field? > 4

 │123456789|
—│—————————|
1│.........|
2│.........|
3│.........|
4│.........|
5│.........|
6│.........|
7│.........|
8│.........|
9│.........|
—│—————————|
Set/unset mine marks or claim a cell as free: > 4 8 free

 │123456789|
—│—————————|
1│/1.1///2.|
2│/111///2.|
3│//////12.|
4│//////1..|
5│//////111|
6│/////////|
7│/////////|
8│/////////|
9│/////////|
—│—————————|
Set/unset mine marks or claim a cell as free: > 9 3 free

 │123456789|
—│—————————|
1│/1.1///2.|
2│/111///2.|
3│//////122|
4│//////1..|
5│//////111|
6│/////////|
7│/////////|
8│/////////|
9│/////////|
—│—————————|
Set/unset mine marks or claim a cell as free: > 3 1 mine

 │123456789|
—│—————————|
1│/1*1///2.|
2│/111///2.|
3│//////122|
4│//////1..|
5│//////111|
6│/////////|
7│/////////|
8│/////////|
9│/////////|
—│—————————|
Set/unset mine marks or claim a cell as free: > 8 4 mine

 │123456789|
—│—————————|
1│/1*1///2.|
2│/111///2.|
3│//////122|
4│//////1*.|
5│//////111|
6│/////////|
7│/////////|
8│/////////|
9│/////////|
—│—————————|
Set/unset mine marks or claim a cell as free: > 9 4 mine

 │123456789|
—│—————————|
1│/1*1///2.|
2│/111///2.|
3│//////122|
4│//////1**|
5│//////111|
6│/////////|
7│/////////|
8│/////////|
9│/////////|
—│—————————|
Set/unset mine marks or claim a cell as free: > 8 4 mine

 │123456789|
—│—————————|
1│/1*1///2.|
2│/111///2.|
3│//////122|
4│//////1.*|
5│//////111|
6│/////////|
7│/////////|
8│/////////|
9│/////////|
—│—————————|
Set/unset mine marks or claim a cell as free: > 3 1 mine

 │123456789|
—│—————————|
1│/1.1///2.|
2│/111///2.|
3│//////122|
4│//////1.*|
5│//////111|
6│/////////|
7│/////////|
8│/////////|
9│/////////|
—│—————————|
Set/unset mine marks or claim a cell as free: > 9 2 mine

 │123456789|
—│—————————|
1│/1.1///2.|
2│/111///2*|
3│//////122|
4│//////1.*|
5│//////111|
6│/////////|
7│/////////|
8│/////////|
9│/////////|
—│—————————|
Set/unset mine marks or claim a cell as free: > 9 1 free
You stepped on a mine and failed!

 │123456789|
—│—————————|
1│/1.1///22|
2│/111///2*|
3│//////122|
4│//////1.*|
5│//////111|
6│/////////|
7│/////////|
8│/////////|
9│/////////|
—│—————————|
?[1;31m
[...]
How many mines do you want on the field? > 25

 │123456789|
—│—————————|
1│.........|
2│.........|
3│.........|
4│.........|
5│.........|
6│.........|
7│.........|
8│.........|
9│.........|
—│—————————|
Set/unset mine marks or claim a cell as free: > 9 5 free

 │123456789|
—│—————————|
1│.........|
2│.........|
3│.........|
4│.........|
5│........1|
6│.........|
7│.........|
8│.........|
9│.........|
—│—————————|
Set/unset mine marks or claim a cell as free: > 1 7 free
You stepped on a mine and failed!

 │123456789|
—│—————————|
1│.........|
2│.........|
3│.........|
4│.........|
5│........1|
6│.........|
7│4........|
8│.........|
9│.........|
—│—————————|
?[1;31m
Start test 98?[0m
How many mines do you want on the field? > 25

 │123456789|
—│—————————|
1│.........|
2│.........|
3│.........|
4│.........|
5│.........|
6│.........|
7│.........|
8│.........|
9│.........|
—│—————————|
Set/unset mine marks or claim a cell as free: > 5 7 free

 │123456789|
—│—————————|
1│.........|
2│.........|
3│.........|
4│.........|
5│.........|
6│.........|
7│....4....|
8│.........|
9│.........|
—│—————————|
Set/unset mine marks or claim a cell as free: > 2 4 free

 │123456789|
—│—————————|
1│.........|
2│.........|
3│.........|
4│.2.......|
5│.........|
6│.........|
7│....4....|
8│.........|
9│.........|
—│—————————|
Set/unset mine marks or claim a cell as free: > 3 5 free

 │123456789|
—│—————————|
1│.........|
2│.........|
3│.........|
4│.2.......|
5│..1......|
6│.........|
7│....4....|
8│.........|
9│.........|
—│—————————|
Set/unset mine marks or claim a cell as free: > 8 3 free
You stepped on a mine and failed!

 │123456789|
—│—————————|
1│.........|
2│.........|
3│.......5.|
4│.2.......|
5│..1......|
6│.........|
7│....4....|
8│.........|
9│.........|
—│—————————|
?[1;31m
Start test 99?[0m
How many mines do you want on the field? > 30

 │123456789|
—│—————————|
1│.........|
2│.........|
3│.........|
4│.........|
5│.........|
6│.........|
7│.........|
8│.........|
9│.........|
—│—————————|
Set/unset mine marks or claim a cell as free: > 3 6 free

 │123456789|
—│—————————|
1│.........|
2│.........|
3│.........|
4│.........|
5│.........|
6│..3......|
7│.........|
8│.........|
9│.........|
—│—————————|
Set/unset mine marks or claim a cell as free: > 2 3 mine

 │123456789|
—│—————————|
1│.........|
2│.........|
3│.*.......|
4│.........|
5│.........|
6│..3......|
7│.........|
8│.........|
9│.........|
—│—————————|
Set/unset mine marks or claim a cell as free: > 2 5 free
You stepped on a mine and failed!

 │123456789|
—│—————————|
1│.........|
2│.........|
3│.*.......|
4│.........|
5│.2.......|
6│..3......|
7│.........|
8│.........|
9│.........|
—│—————————|
?[1;31m
Start test 100?[0m
How many mines do you want on the field? > 30

 │123456789|
—│—————————|
1│.........|
2│.........|
3│.........|
4│.........|
5│.........|
6│.........|
7│.........|
8│.........|
9│.........|
—│—————————|
Set/unset mine marks or claim a cell as free: > 9 2 free

 │123456789|
—│—————————|
1│.........|
2│........2|
3│.........|
4│.........|
5│.........|
6│.........|
7│.........|
8│.........|
9│.........|
—│—————————|
Set/unset mine marks or claim a cell as free: > 1 5 free

 │123456789|
—│—————————|
1│.........|
2│........2|
3│.........|
4│.........|
5│1........|
6│.........|
7│.........|
8│.........|
9│.........|
—│—————————|
Set/unset mine marks or claim a cell as free: > 3 1 free

 │123456789|
—│—————————|
1│..3......|
2│........2|
3│.........|
4│.........|
5│1........|
6│.........|
7│.........|
8│.........|
9│.........|
—│—————————|
Set/unset mine marks or claim a cell as free: > 5 3 free

 │123456789|
—│—————————|
1│..3......|
2│........2|
3│....3....|
4│.........|
5│1........|
6│.........|
7│.........|
8│.........|
9│.........|
—│—————————|
Set/unset mine marks or claim a cell as free: > 8 1 free

 │123456789|
—│—————————|
1│..3..1///|
2│.....1122|
3│....3....|
4│.........|
5│1........|
6│.........|
7│.........|
8│.........|
9│.........|
—│—————————|
Set/unset mine marks or claim a cell as free: > 9 3 free
You stepped on a mine and failed!

 │123456789|
—│—————————|
1│..3..1///|
2│.....1122|
3│....3...4|
4│.........|
5│1........|
6│.........|
7│.........|
8│.........|
9│.........|
—│—————————|
?[1;31m
Start test 101?[0m
How many mines do you want on the field? > 35

 │123456789|
—│—————————|
1│.........|
2│.........|
3│.........|
4│.........|
5│.........|
6│.........|
7│.........|
8│.........|
9│.........|
—│—————————|
Set/unset mine marks or claim a cell as free: > 5 8 free

 │123456789|
—│—————————|
1│.........|
2│.........|
3│.........|
4│.........|
5│.........|
6│.........|
7│.........|
8│....3....|
9│.........|
—│—————————|
Set/unset mine marks or claim a cell as free: > 3 3 free
You stepped on a mine and failed!

 │123456789|
—│—————————|
1│.........|
2│.........|
3│..4......|
4│.........|
5│.........|
6│.........|
7│.........|
8│....3....|
9│.........|
—│—————————|
?[1;31m
Start test 102?[0m
How many mines do you want on the field? > 35

 │123456789|
—│—————————|
1│.........|
2│.........|
3│.........|
4│.........|
5│.........|
6│.........|
7│.........|
8│.........|
9│.........|
—│—————————|
Set/unset mine marks or claim a cell as free: > 2 9 free

 │123456789|
—│—————————|
1│.........|
2│.........|
3│.........|
4│.........|
5│.........|
6│.........|
7│.........|
8│.........|
9│.2.......|
—│—————————|
Set/unset mine marks or claim a cell as free: > 6 1 mine

 │123456789|
—│—————————|
1│.....*...|
2│.........|
3│.........|
4│.........|
5│.........|
6│.........|
7│.........|
8│.........|
9│.2.......|
—│—————————|
Set/unset mine marks or claim a cell as free: > 6 1 mine

 │123456789|
—│—————————|
1│.........|
2│.........|
3│.........|
4│.........|
5│.........|
6│.........|
7│.........|
8│.........|
9│.2.......|
—│—————————|
Set/unset mine marks or claim a cell as free: > 1 9 free

 │123456789|
—│—————————|
1│.........|
2│.........|
3│.........|
4│.........|
5│.........|
6│.........|
7│.........|
8│.........|
9│12.......|
—│—————————|
Set/unset mine marks or claim a cell as free: > 1 7 mine

 │123456789|
—│—————————|
1│.........|
2│.........|
3│.........|
4│.........|
5│.........|
6│.........|
7│*........|
8│.........|
9│12.......|
—│—————————|
Set/unset mine marks or claim a cell as free: > 6 9 mine

 │123456789|
—│—————————|
1│.........|
2│.........|
3│.........|
4│.........|
5│.........|
6│.........|
7│*........|
8│.........|
9│12...*...|
—│—————————|
Set/unset mine marks or claim a cell as free: > 7 3 free

 │123456789|
—│—————————|
1│.........|
2│.........|
3│......5..|
4│.........|
5│.........|
6│.........|
7│*........|
8│.........|
9│12...*...|
—│—————————|
Set/unset mine marks or claim a cell as free: > 1 7 mine

 │123456789|
—│—————————|
1│.........|
2│.........|
3│......5..|
4│.........|
5│.........|
6│.........|
7│.........|
8│.........|
9│12...*...|
—│—————————|
Set/unset mine marks or claim a cell as free: > 7 7 mine

 │123456789|
—│—————————|
1│.........|
2│.........|
3│......5..|
4│.........|
5│.........|
6│.........|
7│......*..|
8│.........|
9│12...*...|
—│—————————|
Set/unset mine marks or claim a cell as free: > 5 4 free

 │123456789|
—│—————————|
1│.........|
2│.........|
3│......5..|
4│....4....|
5│.........|
6│.........|
7│......*..|
8│.........|
9│12...*...|
—│—————————|
Set/unset mine marks or claim a cell as free: > 6 1 free
You stepped on a mine and failed!

 │123456789|
—│—————————|
1│.....5...|
2│.........|
3│......5..|
4│....4....|
5│.........|
6│.........|
7│......*..|
8│.........|
9│12...*...|
—│—————————|
?[1;31m
Start test 103?[0m
How many mines do you want on the field? > 40

 │123456789|
—│—————————|
1│.........|
2│.........|
3│.........|
4│.........|
5│.........|
6│.........|
7│.........|
8│.........|
9│.........|
—│—————————|
Set/unset mine marks or claim a cell as free: > 6 5 free

 │123456789|
—│—————————|
1│.........|
2│.........|
3│.........|
4│.........|
5│.....3...|
6│.........|
7│.........|
8│.........|
9│.........|
—│—————————|
Set/unset mine marks or claim a cell as free: > 6 6 free

 │123456789|
—│—————————|
1│.........|
2│.........|
3│.........|
4│.........|
5│.....3...|
6│.....4...|
7│.........|
8│.........|
9│.........|
—│—————————|
Set/unset mine marks or claim a cell as free: > 5 4 mine

 │123456789|
—│—————————|
1│.........|
2│.........|
3│.........|
4│....*....|
5│.....3...|
6│.....4...|
7│.........|
8│.........|
9│.........|
—│—————————|
Set/unset mine marks or claim a cell as free: > 5 4 mine

 │123456789|
—│—————————|
1│.........|
2│.........|
3│.........|
4│.........|
5│.....3...|
6│.....4...|
7│.........|
8│.........|
9│.........|
—│—————————|
Set/unset mine marks or claim a cell as free: > 9 7 mine

 │123456789|
—│—————————|
1│.........|
2│.........|
3│.........|
4│.........|
5│.....3...|
6│.....4...|
7│........*|
8│.........|
9│.........|
—│—————————|
Set/unset mine marks or claim a cell as free: > 4 3 mine

 │123456789|
—│—————————|
1│.........|
2│.........|
3│...*.....|
4│.........|
5│.....3...|
6│.....4...|
7│........*|
8│.........|
9│.........|
—│—————————|
Set/unset mine marks or claim a cell as free: > 4 8 free
You stepped on a mine and failed!

 │123456789|
—│—————————|
1│.........|
2│.........|
3│...*.....|
4│.........|
5│.....3...|
6│.....4...|
7│........*|
8│...4.....|
9│.........|
—│—————————|
?[1;31m
Start test 104?[0m
How many mines do you want on the field? > 40

 │123456789|
—│—————————|
1│.........|
2│.........|
3│.........|
4│.........|
5│.........|
6│.........|
7│.........|
8│.........|
9│.........|
—│—————————|
Set/unset mine marks or claim a cell as free: > 9 5 free

 │123456789|
—│—————————|
1│.........|
2│.........|
3│.........|
4│.........|
5│........3|
6│.........|
7│.........|
8│.........|
9│.........|
—│—————————|
Set/unset mine marks or claim a cell as free: > 7 4 mine

 │123456789|
—│—————————|
1│.........|
2│.........|
3│.........|
4│......*..|
5│........3|
6│.........|
7│.........|
8│.........|
9│.........|
—│—————————|
Set/unset mine marks or claim a cell as free: > 6 6 free
You stepped on a mine and failed!

 │123456789|
—│—————————|
1│.........|
2│.........|
3│.........|
4│......*..|
5│........3|
6│.....5...|
7│.........|
8│.........|
9│.........|
—│—————————|
?[1;31m
Start test 105?[0m
How many mines do you want on the field? > 45

 │123456789|
—│—————————|
1│.........|
2│.........|
3│.........|
4│.........|
5│.........|
6│.........|
7│.........|
8│.........|
9│.........|
—│—————————|
Set/unset mine marks or claim a cell as free: > 9 9 free

 │123456789|
—│—————————|
1│.........|
2│.........|
3│.........|
4│.........|
5│.........|
6│.........|
7│.........|
8│.........|
9│........1|
—│—————————|
Set/unset mine marks or claim a cell as free: > 6 4 mine

 │123456789|
—│—————————|
1│.........|
2│.........|
3│.........|
4│.....*...|
5│.........|
6│.........|
7│.........|
8│.........|
9│........1|
—│—————————|
Set/unset mine marks or claim a cell as free: > 7 3 free
You stepped on a mine and failed!

 │123456789|
—│—————————|
1│.........|
2│.........|
3│......5..|
4│.....*...|
5│.........|
6│.........|
7│.........|
8│.........|
9│........1|
—│—————————|
?[1;31m
Start test 106?[0m
How many mines do you want on the field? > 45

 │123456789|
—│—————————|
1│.........|
2│.........|
3│.........|
4│.........|
5│.........|
6│.........|
7│.........|
8│.........|
9│.........|
—│—————————|
Set/unset mine marks or claim a cell as free: > 6 9 free

 │123456789|
—│—————————|
1│.........|
2│.........|
3│.........|
4│.........|
5│.........|
6│.........|
7│.........|
8│.........|
9│.....2...|
—│—————————|
Set/unset mine marks or claim a cell as free: > 5 9 free

 │123456789|
—│—————————|
1│.........|
2│.........|
3│.........|
4│.........|
5│.........|
6│.........|
7│.........|
8│.........|
9│....32...|
—│—————————|
Set/unset mine marks or claim a cell as free: > 7 7 free
You stepped on a mine and failed!

 │123456789|
—│—————————|
1│.........|
2│.........|
3│.........|
4│.........|
5│.........|
6│.........|
7│......6..|
8│.........|
9│....32...|
—│—————————|
?[1;31m
Start test 107?[0m
How many mines do you want on the field? > 50

 │123456789|
—│—————————|
1│.........|
2│.........|
3│.........|
4│.........|
5│.........|
6│.........|
7│.........|
8│.........|
9│.........|
—│—————————|
Set/unset mine marks or claim a cell as free: > 3 3 mine

 │123456789|
—│—————————|
1│.........|
2│.........|
3│..*......|
4│.........|
5│.........|
6│.........|
7│.........|
8│.........|
9│.........|
—│—————————|
Set/unset mine marks or claim a cell as free: > 7 6 free

 │123456789|
—│—————————|
1│.........|
2│.........|
3│..*......|
4│.........|
5│.........|
6│......6..|
7│.........|
8│.........|
9│.........|
—│—————————|
Set/unset mine marks or claim a cell as free: > 1 1 free

 │123456789|
—│—————————|
1│3........|
2│.........|
3│..*......|
4│.........|
5│.........|
6│......6..|
7│.........|
8│.........|
9│.........|
—│—————————|
Set/unset mine marks or claim a cell as free: > 8 3 free
You stepped on a mine and failed!

 │123456789|
—│—————————|
1│3........|
2│.........|
3│..*....6.|
4│.........|
5│.........|
6│......6..|
7│.........|
8│.........|
9│.........|
—│—————————|
?[1;31m
Start test 108?[0m
How many mines do you want on the field? > 50

 │123456789|
—│—————————|
1│.........|
2│.........|
3│.........|
4│.........|
5│.........|
6│.........|
7│.........|
8│.........|
9│.........|
—│—————————|
Set/unset mine marks or claim a cell as free: > 2 5 free

 │123456789|
—│—————————|
1│.........|
2│.........|
3│.........|
4│.........|
5│.4.......|
6│.........|
7│.........|
8│.........|
9│.........|
—│—————————|
Set/unset mine marks or claim a cell as free: > 4 1 mine

 │123456789|
—│—————————|
1│...*.....|
2│.........|
3│.........|
4│.........|
5│.4.......|
6│.........|
7│.........|
8│.........|
9│.........|
—│—————————|
Set/unset mine marks or claim a cell as free: > 1 5 mine

 │123456789|
—│—————————|
1│...*.....|
2│.........|
3│.........|
4│.........|
5│*4.......|
6│.........|
7│.........|
8│.........|
9│.........|
—│—————————|
Set/unset mine marks or claim a cell as free: > 7 9 free
You stepped on a mine and failed!

 │123456789|
—│—————————|
1│...*.....|
2│.........|
3│.........|
4│.........|
5│*4.......|
6│.........|
7│.........|
8│.........|
9│......5..|
—│—————————|
?[1;31m
Start test 109?[0m
How many mines do you want on the field? > 55

 │123456789|
—│—————————|
1│.........|
2│.........|
3│.........|
4│.........|
5│.........|
6│.........|
7│.........|
8│.........|
9│.........|
—│—————————|
Set/unset mine marks or claim a cell as free: > 4 4 free

 │123456789|
—│—————————|
1│.........|
2│.........|
3│.........|
4│...6.....|
5│.........|
6│.........|
7│.........|
8│.........|
9│.........|
—│—————————|
Set/unset mine marks or claim a cell as free: > 8 7 free
You stepped on a mine and failed!

 │123456789|
—│—————————|
1│.........|
2│.........|
3│.........|
4│...6.....|
5│.........|
6│.........|
7│.......5.|
8│.........|
9│.........|
—│—————————|
?[1;31m
Start test 110?[0m
How many mines do you want on the field? > 55

 │123456789|
—│—————————|
1│.........|
2│.........|
3│.........|
4│.........|
5│.........|
6│.........|
7│.........|
8│.........|
9│.........|
—│—————————|
Set/unset mine marks or claim a cell as free: > 4 1 free

 │123456789|
—│—————————|
1│...3.....|
2│.........|
3│.........|
4│.........|
5│.........|
6│.........|
7│.........|
8│.........|
9│.........|
—│—————————|
Set/unset mine marks or claim a cell as free: > 5 2 mine

 │123456789|
—│—————————|
1│...3.....|
2│....*....|
3│.........|
4│.........|
5│.........|
6│.........|
7│.........|
8│.........|
9│.........|
—│—————————|
Set/unset mine marks or claim a cell as free: > 5 2 mine

 │123456789|
—│—————————|
1│...3.....|
2│.........|
3│.........|
4│.........|
5│.........|
6│.........|
7│.........|
8│.........|
9│.........|
—│—————————|
Set/unset mine marks or claim a cell as free: > 2 5 free
You stepped on a mine and failed!

 │123456789|
—│—————————|
1│...3.....|
2│.........|
3│.........|
4│.........|
5│.9.......|
6│.........|
7│.........|
8│.........|
9│.........|
—│—————————|
?[1;31m
Start test 111?[0m
How many mines do you want on the field? > 60

 │123456789|
—│—————————|
1│.........|
2│.........|
3│.........|
4│.........|
5│.........|
6│.........|
7│.........|
8│.........|
9│.........|
—│—————————|
Set/unset mine marks or claim a cell as free: > 2 5 mine

 │123456789|
—│—————————|
1│.........|
2│.........|
3│.........|
4│.........|
5│.*.......|
6│.........|
7│.........|
8│.........|
9│.........|
—│—————————|
Set/unset mine marks or claim a cell as free: > 2 5 mine

 │123456789|
—│—————————|
1│.........|
2│.........|
3│.........|
4│.........|
5│.........|
6│.........|
7│.........|
8│.........|
9│.........|
—│—————————|
Set/unset mine marks or claim a cell as free: > 7 1 free

 │123456789|
—│—————————|
1│......3..|
2│.........|
3│.........|
4│.........|
5│.........|
6│.........|
7│.........|
8│.........|
9│.........|
—│—————————|
Set/unset mine marks or claim a cell as free: > 6 7 mine

 │123456789|
—│—————————|
1│......3..|
2│.........|
3│.........|
4│.........|
5│.........|
6│.........|
7│.....*...|
8│.........|
9│.........|
—│—————————|
Set/unset mine marks or claim a cell as free: > 3 1 mine

 │123456789|
—│—————————|
1│..*...3..|
2│.........|
3│.........|
4│.........|
5│.........|
6│.........|
7│.....*...|
8│.........|
9│.........|
—│—————————|
Set/unset mine marks or claim a cell as free: > 4 4 free
You stepped on a mine and failed!

 │123456789|
—│—————————|
1│..*...3..|
2│.........|
3│.........|
4│...9.....|
5│.........|
6│.........|
7│.....*...|
8│.........|
9│.........|
—│—————————|
?[1;31m
Start test 112?[0m
How many mines do you want on the field? > 60

 │123456789|
—│—————————|
1│.........|
2│.........|
3│.........|
4│.........|
5│.........|
6│.........|
7│.........|
8│.........|
9│.........|
—│—————————|
Set/unset mine marks or claim a cell as free: > 4 4 free

 │123456789|
—│—————————|
1│.........|
2│.........|
3│.........|
4│...3.....|
5│.........|
6│.........|
7│.........|
8│.........|
9│.........|
—│—————————|
Set/unset mine marks or claim a cell as free: > 3 2 free
You stepped on a mine and failed!

 │123456789|
—│—————————|
1│.........|
2│..7......|
3│.........|
4│...3.....|
5│.........|
6│.........|
7│.........|
8│.........|
9│.........|
—│—————————|
?[1;31m
Start test 113?[0m
How many mines do you want on the field? > 65

 │123456789|
—│—————————|
1│.........|
2│.........|
3│.........|
4│.........|
5│.........|
6│.........|
7│.........|
8│.........|
9│.........|
—│—————————|
Set/unset mine marks or claim a cell as free: > 8 2 free

 │123456789|
—│—————————|
1│.........|
2│.......6.|
3│.........|
4│.........|
5│.........|
6│.........|
7│.........|
8│.........|
9│.........|
—│—————————|
Set/unset mine marks or claim a cell as free: > 4 5 free
You stepped on a mine and failed!

 │123456789|
—│—————————|
1│.........|
2│.......6.|
3│.........|
4│.........|
5│...8.....|
6│.........|
7│.........|
8│.........|
9│.........|
—│—————————|
?[1;31m
Start test 114?[0m
How many mines do you want on the field? > 65

 │123456789|
—│—————————|
1│.........|
2│.........|
3│.........|
4│.........|
5│.........|
6│.........|
7│.........|
8│.........|
9│.........|
—│—————————|
Set/unset mine marks or claim a cell as free: > 4 1 free

 │123456789|
—│—————————|
1│...3.....|
2│.........|
3│.........|
4│.........|
5│.........|
6│.........|
7│.........|
8│.........|
9│.........|
—│—————————|
Set/unset mine marks or claim a cell as free: > 5 6 mine

 │123456789|
—│—————————|
1│...3.....|
2│.........|
3│.........|
4│.........|
5│.........|
6│....*....|
7│.........|
8│.........|
9│.........|
—│—————————|
Set/unset mine marks or claim a cell as free: > 1 3 free
You stepped on a mine and failed!

 │123456789|
—│—————————|
1│...3.....|
2│.........|
3│6........|
4│.........|
5│.........|
6│....*....|
7│.........|
8│.........|
9│.........|
—│—————————|
]]></system-out>
  <system-err><![CDATA[]]></system-err>
</testsuite>
